[20:32:31] [main/INFO] ========================================
[20:32:31] [main/INFO] Minecraft: 1.20.1
[20:32:31] [main/INFO] Side: server
[20:32:31] [main/INFO] Development: false
[20:32:31] [main/INFO] Version: 12.1.785
[20:32:31] [main/INFO] Loader:
[20:32:31] [main/INFO] - Fabric: 0.16.7
[20:32:31] [main/INFO] - Fabric API: 0.92.2+1.20.1
[20:32:31] [main/INFO] Dependencies:
[20:32:31] [main/INFO] - Cloth Config: 11.1.136
[20:32:31] [main/INFO] - Architectury: 9.2.14
[20:32:31] [main/INFO] Mixin: 0.8.7
[20:32:31] [main/INFO] OS: Windows 11 10.0 (amd64)
[20:32:31] [main/INFO] Java: 21.0.4 (Oracle Corporation)
[20:32:31] [main/INFO] ========================================
[20:32:31] [main/INFO] Mods:
[20:32:31] [main/INFO] - almanac: 1.0.2
[20:32:31] [main/INFO] - architectury: 9.2.14
[20:32:31] [main/INFO] - balm-fabric: 7.3.9
[20:32:31] [main/INFO] - banner: 1.20.1-778
[20:32:31] [main/INFO] - banner-api: 1.20.1-778
[20:32:31] [main/INFO] - banner-bukkit-manager: 1.20.1-778
[20:32:31] [main/INFO] - banner-stackdeobf: 1.20.1-778
[20:32:31] [main/INFO] - banner-transitive-access-wideners: 1.20.1-778
[20:32:31] [main/INFO] - bookshelf: 20.2.13
[20:32:31] [main/INFO] - cardinal-components-base: 5.2.0
[20:32:31] [main/INFO] - cardinal-components-entity: 5.2.0
[20:32:31] [main/INFO] - cicada: 0.9.1+1.20.1
[20:32:31] [main/INFO] - cloth-basic-math: 0.6.1
[20:32:31] [main/INFO] - cloth-config: 11.1.136
[20:32:31] [main/INFO] - cloth-config: 11.1.136
[20:32:31] [main/INFO] - clumps: 12.0.0.4
[20:32:31] [main/INFO] - cobblemon: 1.5.2+1.20.1
[20:32:31] [main/INFO] - collective: 7.87
[20:32:31] [main/INFO] - com_twelvemonkeys_common_common-image: 3.10.0
[20:32:31] [main/INFO] - com_twelvemonkeys_common_common-io: 3.10.0
[20:32:31] [main/INFO] - com_twelvemonkeys_common_common-lang: 3.10.0
[20:32:31] [main/INFO] - com_twelvemonkeys_imageio_imageio-core: 3.10.0
[20:32:31] [main/INFO] - com_twelvemonkeys_imageio_imageio-metadata: 3.10.0
[20:32:31] [main/INFO] - com_twelvemonkeys_imageio_imageio-webp: 3.10.0
[20:32:31] [main/INFO] - com_velocitypowered_velocity-native: 3.2.0-SNAPSHOT
[20:32:31] [main/INFO] - cosmetic-armor: 1.6.0
[20:32:31] [main/INFO] - craftingtweaks: 18.2.5
[20:32:31] [main/INFO] - emotecraft: 2.2.7-b.build.50
[20:32:31] [main/INFO] - entityculling: 1.7.1
[20:32:31] [main/INFO] - error_notifier: 1.0.9
[20:32:31] [main/INFO] - fabric-api: 0.92.2+1.20.1
[20:32:31] [main/INFO] - fabric-api: 0.92.2+1.20.1
[20:32:31] [main/INFO] - fabric-api-base: 0.4.31+1802ada577
[20:32:31] [main/INFO] - fabric-api-lookup-api-v1: 1.6.36+1802ada577
[20:32:31] [main/INFO] - fabric-biome-api-v1: 13.0.13+1802ada577
[20:32:31] [main/INFO] - fabric-block-api-v1: 1.0.11+1802ada577
[20:32:31] [main/INFO] - fabric-block-view-api-v2: 1.0.1+1802ada577
[20:32:31] [main/INFO] - fabric-command-api-v1: 1.2.34+f71b366f77
[20:32:31] [main/INFO] - fabric-command-api-v2: 2.2.13+1802ada577
[20:32:31] [main/INFO] - fabric-commands-v0: 0.2.51+df3654b377
[20:32:31] [main/INFO] - fabric-containers-v0: 0.1.64+df3654b377
[20:32:31] [main/INFO] - fabric-content-registries-v0: 4.0.11+1802ada577
[20:32:31] [main/INFO] - fabric-convention-tags-v1: 1.5.5+1802ada577
[20:32:31] [main/INFO] - fabric-crash-report-info-v1: 0.2.19+1802ada577
[20:32:31] [main/INFO] - fabric-data-attachment-api-v1: 1.0.0+de0fd6d177
[20:32:31] [main/INFO] - fabric-data-generation-api-v1: 12.3.4+1802ada577
[20:32:31] [main/INFO] - fabric-dimensions-v1: 2.1.54+1802ada577
[20:32:31] [main/INFO] - fabric-entity-events-v1: 1.6.0+1c78457f77
[20:32:31] [main/INFO] - fabric-events-interaction-v0: 0.6.2+1802ada577
[20:32:31] [main/INFO] - fabric-events-lifecycle-v0: 0.2.63+df3654b377
[20:32:31] [main/INFO] - fabric-game-rule-api-v1: 1.0.40+1802ada577
[20:32:31] [main/INFO] - fabric-item-api-v1: 2.1.28+1802ada577
[20:32:31] [main/INFO] - fabric-item-group-api-v1: 4.0.12+1802ada577
[20:32:31] [main/INFO] - fabric-language-kotlin: 1.12.3+kotlin.2.0.21
[20:32:31] [main/INFO] - fabric-lifecycle-events-v1: 2.2.22+1802ada577
[20:32:31] [main/INFO] - fabric-loot-api-v2: 1.2.1+1802ada577
[20:32:31] [main/INFO] - fabric-loot-tables-v1: 1.1.45+9e7660c677
[20:32:31] [main/INFO] - fabric-message-api-v1: 5.1.9+1802ada577
[20:32:31] [main/INFO] - fabric-mining-level-api-v1: 2.1.50+1802ada577
[20:32:31] [main/INFO] - fabric-networking-api-v1: 1.3.11+1802ada577
[20:32:31] [main/INFO] - fabric-networking-v0: 0.3.51+df3654b377
[20:32:31] [main/INFO] - fabric-object-builder-api-v1: 11.1.3+1802ada577
[20:32:31] [main/INFO] - fabric-particles-v1: 1.1.2+1802ada577
[20:32:31] [main/INFO] - fabric-recipe-api-v1: 1.0.21+1802ada577
[20:32:31] [main/INFO] - fabric-registry-sync-v0: 2.3.3+1802ada577
[20:32:31] [main/INFO] - fabric-rendering-data-attachment-v1: 0.3.37+92a0d36777
[20:32:31] [main/INFO] - fabric-rendering-fluids-v1: 3.0.28+1802ada577
[20:32:31] [main/INFO] - fabric-resource-conditions-api-v1: 2.3.8+1802ada577
[20:32:31] [main/INFO] - fabric-resource-loader-v0: 0.11.10+1802ada577
[20:32:31] [main/INFO] - fabric-screen-handler-api-v1: 1.3.30+1802ada577
[20:32:31] [main/INFO] - fabric-transfer-api-v1: 3.3.5+8dd72ea377
[20:32:31] [main/INFO] - fabric-transitive-access-wideners-v1: 4.3.1+1802ada577
[20:32:31] [main/INFO] - fabricloader: 0.16.7
[20:32:31] [main/INFO] - faster_entity_animations: 1.6
[20:32:31] [main/INFO] - ferritecore: 6.0.1
[20:32:31] [main/INFO] - forgeconfigapiport: 8.0.1
[20:32:31] [main/INFO] - fusion: 1.1.1
[20:32:31] [main/INFO] - iceberg: 1.1.25
[20:32:31] [main/INFO] - java: 21
[20:32:31] [main/INFO] - konkrete: 1.8.1
[20:32:31] [main/INFO] - krypton: 0.2.3
[20:32:31] [main/INFO] - kuma_api: 20.1.8
[20:32:31] [main/INFO] - lazydfu: 0.1.3
[20:32:31] [main/INFO] - letmedespawn: 1.4.4
[20:32:31] [main/INFO] - melody: 1.0.3
[20:32:31] [main/INFO] - memoryleakfix: 1.1.5
[20:32:31] [main/INFO] - minecraft: 1.20.1
[20:32:31] [main/INFO] - mixinextras: 0.4.1
[20:32:31] [main/INFO] - netherportalfix: 13.0.1
[20:32:31] [main/INFO] - org_jetbrains_kotlin_kotlin-reflect: 2.0.21
[20:32:31] [main/INFO] - org_jetbrains_kotlin_kotlin-stdlib: 2.0.21
[20:32:31] [main/INFO] - org_jetbrains_kotlin_kotlin-stdlib-jdk7: 2.0.21
[20:32:31] [main/INFO] - org_jetbrains_kotlin_kotlin-stdlib-jdk8: 2.0.21
[20:32:31] [main/INFO] - org_jetbrains_kotlinx_atomicfu-jvm: 0.25.0
[20:32:31] [main/INFO] - org_jetbrains_kotlinx_kotlinx-coroutines-core-jvm: 1.9.0
[20:32:31] [main/INFO] - org_jetbrains_kotlinx_kotlinx-coroutines-jdk8: 1.9.0
[20:32:31] [main/INFO] - org_jetbrains_kotlinx_kotlinx-datetime-jvm: 0.6.1
[20:32:31] [main/INFO] - org_jetbrains_kotlinx_kotlinx-io-bytestring-jvm: 0.5.4
[20:32:31] [main/INFO] - org_jetbrains_kotlinx_kotlinx-io-core-jvm: 0.5.4
[20:32:31] [main/INFO] - org_jetbrains_kotlinx_kotlinx-serialization-cbor-jvm: 1.7.3
[20:32:31] [main/INFO] - org_jetbrains_kotlinx_kotlinx-serialization-core-jvm: 1.7.3
[20:32:31] [main/INFO] - org_jetbrains_kotlinx_kotlinx-serialization-json-jvm: 1.7.3
[20:32:31] [main/INFO] - org_quiltmc_parsers_gson: 0.2.1
[20:32:31] [main/INFO] - org_quiltmc_parsers_json: 0.2.1
[20:32:31] [main/INFO] - player-animator: 1.0.2-rc1+1.20
[20:32:31] [main/INFO] - porting_lib_accessors: 2.3.2+1.20.1
[20:32:31] [main/INFO] - porting_lib_attributes: 2.3.2+1.20.1
[20:32:31] [main/INFO] - porting_lib_common: 2.3.2+1.20.1
[20:32:31] [main/INFO] - porting_lib_core: 2.3.2+1.20.1
[20:32:31] [main/INFO] - porting_lib_extensions: 2.3.2+1.20.1
[20:32:31] [main/INFO] - porting_lib_fluids: 2.3.2+1.20.1
[20:32:31] [main/INFO] - porting_lib_lazy_registration: 2.3.2+1.20.1
[20:32:31] [main/INFO] - porting_lib_loot: 2.3.2+1.20.1
[20:32:31] [main/INFO] - porting_lib_model_loader: 2.3.2+1.20.1
[20:32:31] [main/INFO] - porting_lib_networking: 2.3.2+1.20.1
[20:32:31] [main/INFO] - porting_lib_tool_actions: 2.3.2+1.20.1
[20:32:31] [main/INFO] - porting_lib_transfer: 2.3.2+1.20.1
[20:32:31] [main/INFO] - reach-entity-attributes: 2.4.0
[20:32:31] [main/INFO] - roughlyenoughitems: 12.1.785
[20:32:31] [main/INFO] - roughlysearchable: 2.6.0+1.20.1
[20:32:31] [main/INFO] - shulkerboxtooltip: 4.0.4+1.20.1
[20:32:31] [main/INFO] - sophisticatedbackpacks: 1.20.1-3.20.11.26
[20:32:31] [main/INFO] - sophisticatedcore: 1.20.1-0.6.35.49
[20:32:31] [main/INFO] - team_reborn_energy: 3.0.0
[20:32:31] [main/INFO] - toms_storage: 1.6.8
[20:32:31] [main/INFO] - trinkets: 3.7.1
[20:32:31] [main/INFO] - voicechat: 1.20.1-2.5.26
[20:32:31] [main/INFO] - waystones: 14.1.6
[20:32:31] [main/INFO] - xaerominimap: 24.6.1
[20:32:31] [main/INFO] - xaeroworldmap: 1.39.0
[20:32:31] [main/INFO] - yet_another_config_lib_v3: 3.6.1+1.20.1-fabric
[20:32:31] [main/INFO] ========================================
[20:32:32] [main/INFO] [REI] Registered plugin provider DefaultPlugin [roughlyenoughitems] for REIPlugin
[20:32:32] [main/INFO] [REI] Registered plugin provider DefaultRuntimePlugin [roughlyenoughitems] for REIPlugin
[20:32:32] [main/INFO] [REI] Registered plugin provider REICompat [sophisticatedbackpacks] for REIPlugin
[20:32:32] [main/INFO] [REI] Registered plugin provider DefaultPlugin [roughlyenoughitems] for REIServerPlugin
[20:32:32] [main/INFO] [REI] Registered plugin provider DefaultRuntimePlugin [roughlyenoughitems] for REIServerPlugin
[20:32:32] [main/INFO] [REI] Registered plugin provider REICompat [sophisticatedbackpacks] for REIServerPlugin
[20:32:32] [main/INFO] [REI] Registered plugin provider FabricFluidAPISupportPlugin for REIServerPlugin
[20:32:32] [main/INFO] [REI] Registered plugin provider FabricFluidAPISupportPlugin for REIPlugin
[20:32:38] [Worker-Main-3/DEBUG] [REI] Processed 3 tags in 2.712 ms for minecraft:instrument
[20:32:38] [Worker-Main-5/DEBUG] [REI] Processed 2 tags in 2.700 ms for minecraft:cat_variant
[20:32:38] [Worker-Main-7/DEBUG] [REI] Processed 5 tags in 2.904 ms for minecraft:fluid
[20:32:38] [Worker-Main-4/DEBUG] [REI] Processed 5 tags in 2.292 ms for minecraft:enchantment
[20:32:38] [Worker-Main-6/DEBUG] [REI] Processed 0 tags in 39.20 μs for minecraft:worldgen/flat_level_generator_preset
[20:32:38] [Worker-Main-2/DEBUG] [REI] Processed 1 tags in 2.492 ms for minecraft:painting_variant
[20:32:38] [Worker-Main-6/DEBUG] [REI] Processed 7 tags in 86.80 μs for minecraft:banner_pattern
[20:32:38] [Worker-Main-7/DEBUG] [REI] Processed 3 tags in 68.80 μs for minecraft:point_of_interest_type
[20:32:38] [Worker-Main-4/DEBUG] [REI] Processed 5 tags in 165.9 μs for minecraft:game_event
[20:32:38] [Worker-Main-4/DEBUG] [REI] Processed 0 tags in 13.00 μs for minecraft:worldgen/world_preset
[20:32:38] [Worker-Main-3/DEBUG] [REI] Processed 19 tags in 220.8 μs for minecraft:entity_type
[20:32:38] [Worker-Main-5/DEBUG] [REI] Processed 0 tags in 34.00 μs for minecraft:damage_type
[20:32:38] [Worker-Main-7/DEBUG] [REI] Processed 0 tags in 55.50 μs for minecraft:worldgen/structure
[20:32:38] [Worker-Main-4/DEBUG] [REI] Processed 0 tags in 179.9 μs for minecraft:worldgen/biome
[20:32:38] [Worker-Main-2/DEBUG] [REI] Processed 245 tags in 5.118 ms for minecraft:block
[20:32:38] [Worker-Main-1/DEBUG] [REI] Processed 345 tags in 4.785 ms for minecraft:item
[20:32:56] [main/DEBUG] [REI] Starting Reload Plugins of stage null
java.lang.Throwable
	at knot//me.shedaniel.rei.impl.common.plugins.ReloadManagerImpl.reloadPlugins(ReloadManagerImpl.java:110)
	at knot//me.shedaniel.rei.RoughlyEnoughItemsCore.lambda$onInitialize$5(RoughlyEnoughItemsCore.java:163)
	at java.base/java.util.concurrent.CompletableFuture$UniRun.tryFire(CompletableFuture.java:787)
	at java.base/java.util.concurrent.CompletableFuture$Completion.run(CompletableFuture.java:482)
	at knot//net.minecraft.class_4014.method_18365(class_4014.java:69)
	at knot//net.minecraft.class_156.method_43498(class_156.java:950)
	at knot//net.minecraft.class_156.method_43499(class_156.java:938)
	at knot//net.minecraft.server.Main.main(Main.java:160)
	at net.fabricmc.loader.impl.game.minecraft.MinecraftGameProvider.launch(MinecraftGameProvider.java:480)
	at net.fabricmc.loader.impl.launch.knot.Knot.launch(Knot.java:74)
	at net.fabricmc.loader.impl.launch.knot.KnotServer.main(KnotServer.java:23)
	at net.fabricmc.loader.impl.launch.server.FabricServerLauncher.main(FabricServerLauncher.java:69)
	at com.mohistmc.banner.BannerMain.main(BannerMain.java:34)
	at com.mohistmc.banner.BannerLauncher.main(BannerLauncher.java:39)
[20:32:56] [main/DEBUG] [REI] ========================================
[20:32:56] [main/DEBUG] [REI] REIPlugin starting pre-reload for START.
[20:32:56] [main/DEBUG] [REI] Reloadables (7):
[20:32:56] [main/DEBUG] [REI]  - EntryTypeRegistryImpl
[20:32:56] [main/DEBUG] [REI]  - EntrySettingsAdapterRegistryImpl
[20:32:56] [main/DEBUG] [REI]  - RecipeManagerContextImpl
[20:32:56] [main/DEBUG] [REI]  - ItemComparatorRegistryImpl
[20:32:56] [main/DEBUG] [REI]  - FluidComparatorRegistryImpl
[20:32:56] [main/DEBUG] [REI]  - DisplaySerializerRegistryImpl
[20:32:56] [main/DEBUG] [REI]  - FluidSupportProviderImpl
[20:32:56] [main/DEBUG] [REI] Plugins (4):
[20:32:56] [main/DEBUG] [REI]  - (-100,00) DefaultPlugin of DefaultPlugin [roughlyenoughitems]
[20:32:56] [main/DEBUG] [REI]  - (0,00) FabricFluidAPISupportPlugin
[20:32:56] [main/DEBUG] [REI]  - (0,00) REICompat of REICompat [sophisticatedbackpacks]
[20:32:56] [main/DEBUG] [REI]  - (0,00) DefaultRuntimePlugin of DefaultRuntimePlugin [roughlyenoughitems]
[20:32:56] [main/DEBUG] [REI] ========================================
[20:32:56] [main/TRACE] [REI] [REIPlugin START] Reloading Section: "pre-register/"
[20:32:56] [main/TRACE] [REI] [REIPlugin START] Reloading Section: "pre-register/DefaultPlugin of DefaultPlugin [roughlyenoughitems]/"
[20:32:56] [main/TRACE] [REI] [REIPlugin START] Reloading Section: "pre-register/DefaultPlugin of DefaultPlugin [roughlyenoughitems]/" done in 1.815 ms
[20:32:56] [main/TRACE] [REI] [REIPlugin START] Reloading Section: "pre-register/FabricFluidAPISupportPlugin/"
[20:32:56] [main/TRACE] [REI] [REIPlugin START] Reloading Section: "pre-register/FabricFluidAPISupportPlugin/" done in 57.60 μs
[20:32:56] [main/TRACE] [REI] [REIPlugin START] Reloading Section: "pre-register/REICompat of REICompat [sophisticatedbackpacks]/"
[20:32:56] [main/TRACE] [REI] [REIPlugin START] Reloading Section: "pre-register/REICompat of REICompat [sophisticatedbackpacks]/" done in 91.20 μs
[20:32:56] [main/TRACE] [REI] [REIPlugin START] Reloading Section: "pre-register/DefaultRuntimePlugin of DefaultRuntimePlugin [roughlyenoughitems]/"
[20:32:56] [main/TRACE] [REI] [REIPlugin START] Reloading Section: "pre-register/DefaultRuntimePlugin of DefaultRuntimePlugin [roughlyenoughitems]/" done in 64.10 μs
[20:32:56] [main/TRACE] [REI] [REIPlugin START] Reloading Section: "pre-register/" done in 30.42 ms
[20:32:56] [main/TRACE] [REI] [REIPlugin START] Reloading Section: "pre-stage/"
[20:32:56] [main/TRACE] [REI] [REIPlugin START] Reloading Section: "pre-stage/EntryTypeRegistryImpl/"
[20:32:56] [main/TRACE] [REI] [REIPlugin START] Reloading Section: "pre-stage/EntryTypeRegistryImpl/" done in 436.0 μs
[20:32:56] [main/TRACE] [REI] [REIPlugin START] Reloading Section: "pre-stage/EntrySettingsAdapterRegistryImpl/"
[20:32:56] [main/TRACE] [REI] [REIPlugin START] Reloading Section: "pre-stage/EntrySettingsAdapterRegistryImpl/" done in 54.20 μs
[20:32:56] [main/TRACE] [REI] [REIPlugin START] Reloading Section: "pre-stage/RecipeManagerContextImpl/"
[20:32:56] [main/TRACE] [REI] [REIPlugin START] Reloading Section: "pre-stage/RecipeManagerContextImpl/" done in 54.90 μs
[20:32:56] [main/TRACE] [REI] [REIPlugin START] Reloading Section: "pre-stage/ItemComparatorRegistryImpl/"
[20:32:56] [main/TRACE] [REI] [REIPlugin START] Reloading Section: "pre-stage/ItemComparatorRegistryImpl/" done in 39.90 μs
[20:32:56] [main/TRACE] [REI] [REIPlugin START] Reloading Section: "pre-stage/FluidComparatorRegistryImpl/"
[20:32:56] [main/TRACE] [REI] [REIPlugin START] Reloading Section: "pre-stage/FluidComparatorRegistryImpl/" done in 37.10 μs
[20:32:56] [main/TRACE] [REI] [REIPlugin START] Reloading Section: "pre-stage/DisplaySerializerRegistryImpl/"
[20:32:56] [main/TRACE] [REI] [REIPlugin START] Reloading Section: "pre-stage/DisplaySerializerRegistryImpl/" done in 33.10 μs
[20:32:56] [main/TRACE] [REI] [REIPlugin START] Reloading Section: "pre-stage/FluidSupportProviderImpl/"
[20:32:56] [main/TRACE] [REI] [REIPlugin START] Reloading Section: "pre-stage/FluidSupportProviderImpl/" done in 35.90 μs
[20:32:56] [main/TRACE] [REI] [REIPlugin START] Reloading Section: "pre-stage/" done in 1.858 ms
[20:32:56] [main/DEBUG] [REI] ========================================
[20:32:56] [main/DEBUG] [REI] REIPlugin finished pre-reload for START in 33.49 ms.
[20:32:56] [main/DEBUG] [REI] ========================================
[20:32:56] [main/DEBUG] [REI] ========================================
[20:32:56] [main/DEBUG] [REI] REIServerPlugin starting pre-reload for START.
[20:32:56] [main/DEBUG] [REI] Reloadables (2):
[20:32:56] [main/DEBUG] [REI]  - MenuInfoRegistryImpl
[20:32:56] [main/DEBUG] [REI]  - SlotAccessorRegistryImpl
[20:32:56] [main/DEBUG] [REI] Plugins (4):
[20:32:56] [main/DEBUG] [REI]  - (-100,00) DefaultPlugin of DefaultPlugin [roughlyenoughitems]
[20:32:56] [main/DEBUG] [REI]  - (0,00) FabricFluidAPISupportPlugin
[20:32:56] [main/DEBUG] [REI]  - (0,00) REICompat of REICompat [sophisticatedbackpacks]
[20:32:56] [main/DEBUG] [REI]  - (0,00) DefaultRuntimePlugin of DefaultRuntimePlugin [roughlyenoughitems]
[20:32:56] [main/DEBUG] [REI] ========================================
[20:32:56] [main/TRACE] [REI] [REIServerPlugin START] Reloading Section: "pre-register/"
[20:32:56] [main/TRACE] [REI] [REIServerPlugin START] Reloading Section: "pre-register/DefaultPlugin of DefaultPlugin [roughlyenoughitems]/"
[20:32:56] [main/TRACE] [REI] [REIServerPlugin START] Reloading Section: "pre-register/DefaultPlugin of DefaultPlugin [roughlyenoughitems]/" done in 45.30 μs
[20:32:56] [main/TRACE] [REI] [REIServerPlugin START] Reloading Section: "pre-register/FabricFluidAPISupportPlugin/"
[20:32:56] [main/TRACE] [REI] [REIServerPlugin START] Reloading Section: "pre-register/FabricFluidAPISupportPlugin/" done in 282.3 μs
[20:32:56] [main/TRACE] [REI] [REIServerPlugin START] Reloading Section: "pre-register/REICompat of REICompat [sophisticatedbackpacks]/"
[20:32:56] [main/TRACE] [REI] [REIServerPlugin START] Reloading Section: "pre-register/REICompat of REICompat [sophisticatedbackpacks]/" done in 41.40 μs
[20:32:56] [main/TRACE] [REI] [REIServerPlugin START] Reloading Section: "pre-register/DefaultRuntimePlugin of DefaultRuntimePlugin [roughlyenoughitems]/"
[20:32:56] [main/TRACE] [REI] [REIServerPlugin START] Reloading Section: "pre-register/DefaultRuntimePlugin of DefaultRuntimePlugin [roughlyenoughitems]/" done in 35.40 μs
[20:32:56] [main/TRACE] [REI] [REIServerPlugin START] Reloading Section: "pre-register/" done in 874.8 μs
[20:32:56] [main/TRACE] [REI] [REIServerPlugin START] Reloading Section: "pre-stage/"
[20:32:56] [main/TRACE] [REI] [REIServerPlugin START] Reloading Section: "pre-stage/MenuInfoRegistryImpl/"
[20:32:56] [main/TRACE] [REI] [REIServerPlugin START] Reloading Section: "pre-stage/MenuInfoRegistryImpl/" done in 58.50 μs
[20:32:56] [main/TRACE] [REI] [REIServerPlugin START] Reloading Section: "pre-stage/SlotAccessorRegistryImpl/"
[20:32:56] [main/TRACE] [REI] [REIServerPlugin START] Reloading Section: "pre-stage/SlotAccessorRegistryImpl/" done in 35.50 μs
[20:32:56] [main/TRACE] [REI] [REIServerPlugin START] Reloading Section: "pre-stage/" done in 274.3 μs
[20:32:56] [main/DEBUG] [REI] ========================================
[20:32:56] [main/DEBUG] [REI] REIServerPlugin finished pre-reload for START in 1.313 ms.
[20:32:56] [main/DEBUG] [REI] ========================================
[20:32:56] [main/INFO] [REI] ~~~~~~~~~~~~~~~~~~~~~~~~~~~~~~~~~~~~~~~~
[20:32:56] [main/INFO] [REI] REIPlugin starting main-reload for START.
[20:32:56] [main/DEBUG] [REI] Reloadables (7):
[20:32:56] [main/DEBUG] [REI]  - EntryTypeRegistryImpl
[20:32:56] [main/DEBUG] [REI]  - EntrySettingsAdapterRegistryImpl
[20:32:56] [main/DEBUG] [REI]  - RecipeManagerContextImpl
[20:32:56] [main/DEBUG] [REI]  - ItemComparatorRegistryImpl
[20:32:56] [main/DEBUG] [REI]  - FluidComparatorRegistryImpl
[20:32:56] [main/DEBUG] [REI]  - DisplaySerializerRegistryImpl
[20:32:56] [main/DEBUG] [REI]  - FluidSupportProviderImpl
[20:32:56] [main/INFO] [REI] Plugins (4):
[20:32:56] [main/INFO] [REI]  - (-100,00) DefaultPlugin of DefaultPlugin [roughlyenoughitems]
[20:32:56] [main/INFO] [REI]  - (0,00) FabricFluidAPISupportPlugin
[20:32:56] [main/INFO] [REI]  - (0,00) REICompat of REICompat [sophisticatedbackpacks]
[20:32:56] [main/INFO] [REI]  - (0,00) DefaultRuntimePlugin of DefaultRuntimePlugin [roughlyenoughitems]
[20:32:56] [main/INFO] [REI] ~~~~~~~~~~~~~~~~~~~~~~~~~~~~~~~~~~~~~~~~
[20:32:56] [main/TRACE] [REI] [REIPlugin START] Reloading Section: "start-reload/"
[20:32:56] [main/TRACE] [REI] [REIPlugin START] Reloading Section: "start-reload/EntryTypeRegistryImpl/"
[20:32:56] [main/TRACE] [REI] [REIPlugin START] Reloading Section: "start-reload/EntryTypeRegistryImpl/" done in 193.9 μs
[20:32:56] [main/TRACE] [REI] [REIPlugin START] Reloading Section: "start-reload/EntrySettingsAdapterRegistryImpl/"
[20:32:56] [main/TRACE] [REI] [REIPlugin START] Reloading Section: "start-reload/EntrySettingsAdapterRegistryImpl/" done in 74.40 μs
[20:32:56] [main/TRACE] [REI] [REIPlugin START] Reloading Section: "start-reload/RecipeManagerContextImpl/"
[20:32:56] [main/TRACE] [REI] [REIPlugin START] Reloading Section: "start-reload/RecipeManagerContextImpl/" done in 53.00 μs
[20:32:56] [main/TRACE] [REI] [REIPlugin START] Reloading Section: "start-reload/ItemComparatorRegistryImpl/"
[20:32:56] [main/TRACE] [REI] [REIPlugin START] Reloading Section: "start-reload/ItemComparatorRegistryImpl/" done in 90.90 μs
[20:32:56] [main/TRACE] [REI] [REIPlugin START] Reloading Section: "start-reload/FluidComparatorRegistryImpl/"
[20:32:56] [main/TRACE] [REI] [REIPlugin START] Reloading Section: "start-reload/FluidComparatorRegistryImpl/" done in 93.60 μs
[20:32:56] [main/TRACE] [REI] [REIPlugin START] Reloading Section: "start-reload/DisplaySerializerRegistryImpl/"
[20:32:56] [main/TRACE] [REI] [REIPlugin START] Reloading Section: "start-reload/DisplaySerializerRegistryImpl/" done in 64.00 μs
[20:32:56] [main/TRACE] [REI] [REIPlugin START] Reloading Section: "start-reload/FluidSupportProviderImpl/"
[20:32:56] [main/TRACE] [REI] [REIPlugin START] Reloading Section: "start-reload/FluidSupportProviderImpl/" done in 88.60 μs
[20:32:56] [main/TRACE] [REI] [REIPlugin START] Reloading Section: "start-reload/" done in 2.024 ms
[20:32:56] [main/DEBUG] [REI] ========================================
[20:32:56] [main/DEBUG] [REI] REIPlugin started main-reload for START.
[20:32:56] [main/DEBUG] [REI] ========================================
[20:32:56] [main/TRACE] [REI] [REIPlugin START] Reloading Section: "reloadable-plugin/EntryTypeRegistryImpl/"
[20:32:56] [main/TRACE] [REI] [REIPlugin START] Reloading Section: "reloadable-plugin/EntryTypeRegistryImpl/DefaultPlugin of DefaultPlugin [roughlyenoughitems]/"
[20:32:56] [main/TRACE] [REI] [REIPlugin START] Reloading Section: "reloadable-plugin/EntryTypeRegistryImpl/DefaultPlugin of DefaultPlugin [roughlyenoughitems]/" done in 399.3 μs
[20:32:56] [main/TRACE] [REI] [REIPlugin START] Reloading Section: "reloadable-plugin/EntryTypeRegistryImpl/FabricFluidAPISupportPlugin/"
[20:32:56] [main/TRACE] [REI] [REIPlugin START] Reloading Section: "reloadable-plugin/EntryTypeRegistryImpl/FabricFluidAPISupportPlugin/" done in 68.60 μs
[20:32:56] [main/TRACE] [REI] [REIPlugin START] Reloading Section: "reloadable-plugin/EntryTypeRegistryImpl/REICompat of REICompat [sophisticatedbackpacks]/"
[20:32:56] [main/TRACE] [REI] [REIPlugin START] Reloading Section: "reloadable-plugin/EntryTypeRegistryImpl/REICompat of REICompat [sophisticatedbackpacks]/" done in 39.80 μs
[20:32:56] [main/TRACE] [REI] [REIPlugin START] Reloading Section: "reloadable-plugin/EntryTypeRegistryImpl/DefaultRuntimePlugin of DefaultRuntimePlugin [roughlyenoughitems]/"
[20:32:56] [main/TRACE] [REI] [REIPlugin START] Reloading Section: "reloadable-plugin/EntryTypeRegistryImpl/DefaultRuntimePlugin of DefaultRuntimePlugin [roughlyenoughitems]/" done in 17.23 ms
[20:32:56] [main/TRACE] [REI] [REIPlugin START] Reloading Section: "reloadable-plugin/EntryTypeRegistryImpl/" done in 19.20 ms
[20:32:56] [main/TRACE] [REI] [REIPlugin START] Reloading Section: "reloadable-plugin/EntrySettingsAdapterRegistryImpl/"
[20:32:56] [main/TRACE] [REI] [REIPlugin START] Reloading Section: "reloadable-plugin/EntrySettingsAdapterRegistryImpl/DefaultPlugin of DefaultPlugin [roughlyenoughitems]/"
[20:32:56] [main/TRACE] [REI] [REIPlugin START] Reloading Section: "reloadable-plugin/EntrySettingsAdapterRegistryImpl/DefaultPlugin of DefaultPlugin [roughlyenoughitems]/" done in 52.00 μs
[20:32:56] [main/TRACE] [REI] [REIPlugin START] Reloading Section: "reloadable-plugin/EntrySettingsAdapterRegistryImpl/FabricFluidAPISupportPlugin/"
[20:32:56] [main/TRACE] [REI] [REIPlugin START] Reloading Section: "reloadable-plugin/EntrySettingsAdapterRegistryImpl/FabricFluidAPISupportPlugin/" done in 51.80 μs
[20:32:56] [main/TRACE] [REI] [REIPlugin START] Reloading Section: "reloadable-plugin/EntrySettingsAdapterRegistryImpl/REICompat of REICompat [sophisticatedbackpacks]/"
[20:32:56] [main/TRACE] [REI] [REIPlugin START] Reloading Section: "reloadable-plugin/EntrySettingsAdapterRegistryImpl/REICompat of REICompat [sophisticatedbackpacks]/" done in 37.80 μs
[20:32:56] [main/TRACE] [REI] [REIPlugin START] Reloading Section: "reloadable-plugin/EntrySettingsAdapterRegistryImpl/DefaultRuntimePlugin of DefaultRuntimePlugin [roughlyenoughitems]/"
[20:32:56] [main/TRACE] [REI] [REIPlugin START] Reloading Section: "reloadable-plugin/EntrySettingsAdapterRegistryImpl/DefaultRuntimePlugin of DefaultRuntimePlugin [roughlyenoughitems]/" done in 37.20 μs
[20:32:56] [main/TRACE] [REI] [REIPlugin START] Reloading Section: "reloadable-plugin/EntrySettingsAdapterRegistryImpl/" done in 575.7 μs
[20:32:56] [main/TRACE] [REI] [REIPlugin START] Reloading Section: "reloadable-plugin/RecipeManagerContextImpl/"
[20:32:56] [main/TRACE] [REI] [REIPlugin START] Reloading Section: "reloadable-plugin/RecipeManagerContextImpl/DefaultPlugin of DefaultPlugin [roughlyenoughitems]/"
[20:32:56] [main/TRACE] [REI] [REIPlugin START] Reloading Section: "reloadable-plugin/RecipeManagerContextImpl/DefaultPlugin of DefaultPlugin [roughlyenoughitems]/" done in 39.50 μs
[20:32:56] [main/TRACE] [REI] [REIPlugin START] Reloading Section: "reloadable-plugin/RecipeManagerContextImpl/FabricFluidAPISupportPlugin/"
[20:32:56] [main/TRACE] [REI] [REIPlugin START] Reloading Section: "reloadable-plugin/RecipeManagerContextImpl/FabricFluidAPISupportPlugin/" done in 83.30 μs
[20:32:56] [main/TRACE] [REI] [REIPlugin START] Reloading Section: "reloadable-plugin/RecipeManagerContextImpl/REICompat of REICompat [sophisticatedbackpacks]/"
[20:32:56] [main/TRACE] [REI] [REIPlugin START] Reloading Section: "reloadable-plugin/RecipeManagerContextImpl/REICompat of REICompat [sophisticatedbackpacks]/" done in 37.70 μs
[20:32:56] [main/TRACE] [REI] [REIPlugin START] Reloading Section: "reloadable-plugin/RecipeManagerContextImpl/DefaultRuntimePlugin of DefaultRuntimePlugin [roughlyenoughitems]/"
[20:32:56] [main/TRACE] [REI] [REIPlugin START] Reloading Section: "reloadable-plugin/RecipeManagerContextImpl/DefaultRuntimePlugin of DefaultRuntimePlugin [roughlyenoughitems]/" done in 36.20 μs
[20:32:56] [main/TRACE] [REI] [REIPlugin START] Reloading Section: "reloadable-plugin/RecipeManagerContextImpl/" done in 504.0 μs
[20:32:56] [main/TRACE] [REI] [REIPlugin START] Reloading Section: "reloadable-plugin/ItemComparatorRegistryImpl/"
[20:32:56] [main/TRACE] [REI] [REIPlugin START] Reloading Section: "reloadable-plugin/ItemComparatorRegistryImpl/DefaultPlugin of DefaultPlugin [roughlyenoughitems]/"
[20:32:56] [main/TRACE] [REI] [REIPlugin START] Reloading Section: "reloadable-plugin/ItemComparatorRegistryImpl/DefaultPlugin of DefaultPlugin [roughlyenoughitems]/" done in 1.656 ms
[20:32:56] [main/TRACE] [REI] [REIPlugin START] Reloading Section: "reloadable-plugin/ItemComparatorRegistryImpl/FabricFluidAPISupportPlugin/"
[20:32:56] [main/TRACE] [REI] [REIPlugin START] Reloading Section: "reloadable-plugin/ItemComparatorRegistryImpl/FabricFluidAPISupportPlugin/" done in 58.40 μs
[20:32:56] [main/TRACE] [REI] [REIPlugin START] Reloading Section: "reloadable-plugin/ItemComparatorRegistryImpl/REICompat of REICompat [sophisticatedbackpacks]/"
[20:32:56] [main/TRACE] [REI] [REIPlugin START] Reloading Section: "reloadable-plugin/ItemComparatorRegistryImpl/REICompat of REICompat [sophisticatedbackpacks]/" done in 541.1 μs
[20:32:56] [main/TRACE] [REI] [REIPlugin START] Reloading Section: "reloadable-plugin/ItemComparatorRegistryImpl/DefaultRuntimePlugin of DefaultRuntimePlugin [roughlyenoughitems]/"
[20:32:56] [main/TRACE] [REI] [REIPlugin START] Reloading Section: "reloadable-plugin/ItemComparatorRegistryImpl/DefaultRuntimePlugin of DefaultRuntimePlugin [roughlyenoughitems]/" done in 50.40 μs
[20:32:56] [main/TRACE] [REI] [REIPlugin START] Reloading Section: "reloadable-plugin/ItemComparatorRegistryImpl/" done in 2.892 ms
[20:32:56] [main/TRACE] [REI] [REIPlugin START] Reloading Section: "reloadable-plugin/FluidComparatorRegistryImpl/"
[20:32:56] [main/TRACE] [REI] [REIPlugin START] Reloading Section: "reloadable-plugin/FluidComparatorRegistryImpl/DefaultPlugin of DefaultPlugin [roughlyenoughitems]/"
[20:32:56] [main/TRACE] [REI] [REIPlugin START] Reloading Section: "reloadable-plugin/FluidComparatorRegistryImpl/DefaultPlugin of DefaultPlugin [roughlyenoughitems]/" done in 47.50 μs
[20:32:56] [main/TRACE] [REI] [REIPlugin START] Reloading Section: "reloadable-plugin/FluidComparatorRegistryImpl/FabricFluidAPISupportPlugin/"
[20:32:56] [main/TRACE] [REI] [REIPlugin START] Reloading Section: "reloadable-plugin/FluidComparatorRegistryImpl/FabricFluidAPISupportPlugin/" done in 39.40 μs
[20:32:56] [main/TRACE] [REI] [REIPlugin START] Reloading Section: "reloadable-plugin/FluidComparatorRegistryImpl/REICompat of REICompat [sophisticatedbackpacks]/"
[20:32:56] [main/TRACE] [REI] [REIPlugin START] Reloading Section: "reloadable-plugin/FluidComparatorRegistryImpl/REICompat of REICompat [sophisticatedbackpacks]/" done in 39.00 μs
[20:32:56] [main/TRACE] [REI] [REIPlugin START] Reloading Section: "reloadable-plugin/FluidComparatorRegistryImpl/DefaultRuntimePlugin of DefaultRuntimePlugin [roughlyenoughitems]/"
[20:32:56] [main/TRACE] [REI] [REIPlugin START] Reloading Section: "reloadable-plugin/FluidComparatorRegistryImpl/DefaultRuntimePlugin of DefaultRuntimePlugin [roughlyenoughitems]/" done in 35.30 μs
[20:32:56] [main/TRACE] [REI] [REIPlugin START] Reloading Section: "reloadable-plugin/FluidComparatorRegistryImpl/" done in 444.0 μs
[20:32:56] [main/TRACE] [REI] [REIPlugin START] Reloading Section: "reloadable-plugin/DisplaySerializerRegistryImpl/"
[20:32:56] [main/TRACE] [REI] [REIPlugin START] Reloading Section: "reloadable-plugin/DisplaySerializerRegistryImpl/DefaultPlugin of DefaultPlugin [roughlyenoughitems]/"
[20:32:56] [main/TRACE] [REI] [REIPlugin START] Reloading Section: "reloadable-plugin/DisplaySerializerRegistryImpl/DefaultPlugin of DefaultPlugin [roughlyenoughitems]/" done in 35.50 μs
[20:32:56] [main/TRACE] [REI] [REIPlugin START] Reloading Section: "reloadable-plugin/DisplaySerializerRegistryImpl/FabricFluidAPISupportPlugin/"
[20:32:56] [main/TRACE] [REI] [REIPlugin START] Reloading Section: "reloadable-plugin/DisplaySerializerRegistryImpl/FabricFluidAPISupportPlugin/" done in 35.30 μs
[20:32:56] [main/TRACE] [REI] [REIPlugin START] Reloading Section: "reloadable-plugin/DisplaySerializerRegistryImpl/REICompat of REICompat [sophisticatedbackpacks]/"
[20:32:56] [main/TRACE] [REI] [REIPlugin START] Reloading Section: "reloadable-plugin/DisplaySerializerRegistryImpl/REICompat of REICompat [sophisticatedbackpacks]/" done in 35.60 μs
[20:32:56] [main/TRACE] [REI] [REIPlugin START] Reloading Section: "reloadable-plugin/DisplaySerializerRegistryImpl/DefaultRuntimePlugin of DefaultRuntimePlugin [roughlyenoughitems]/"
[20:32:56] [main/TRACE] [REI] [REIPlugin START] Reloading Section: "reloadable-plugin/DisplaySerializerRegistryImpl/DefaultRuntimePlugin of DefaultRuntimePlugin [roughlyenoughitems]/" done in 35.20 μs
[20:32:56] [main/TRACE] [REI] [REIPlugin START] Reloading Section: "reloadable-plugin/DisplaySerializerRegistryImpl/" done in 411.7 μs
[20:32:56] [main/TRACE] [REI] [REIPlugin START] Reloading Section: "reloadable-plugin/FluidSupportProviderImpl/"
[20:32:56] [main/TRACE] [REI] [REIPlugin START] Reloading Section: "reloadable-plugin/FluidSupportProviderImpl/DefaultPlugin of DefaultPlugin [roughlyenoughitems]/"
[20:32:56] [main/TRACE] [REI] [REIPlugin START] Reloading Section: "reloadable-plugin/FluidSupportProviderImpl/DefaultPlugin of DefaultPlugin [roughlyenoughitems]/" done in 789.3 μs
[20:32:56] [main/TRACE] [REI] [REIPlugin START] Reloading Section: "reloadable-plugin/FluidSupportProviderImpl/FabricFluidAPISupportPlugin/"
[20:32:56] [main/TRACE] [REI] [REIPlugin START] Reloading Section: "reloadable-plugin/FluidSupportProviderImpl/FabricFluidAPISupportPlugin/" done in 337.5 μs
[20:32:56] [main/TRACE] [REI] [REIPlugin START] Reloading Section: "reloadable-plugin/FluidSupportProviderImpl/REICompat of REICompat [sophisticatedbackpacks]/"
[20:32:56] [main/TRACE] [REI] [REIPlugin START] Reloading Section: "reloadable-plugin/FluidSupportProviderImpl/REICompat of REICompat [sophisticatedbackpacks]/" done in 48.80 μs
[20:32:56] [main/TRACE] [REI] [REIPlugin START] Reloading Section: "reloadable-plugin/FluidSupportProviderImpl/DefaultRuntimePlugin of DefaultRuntimePlugin [roughlyenoughitems]/"
[20:32:56] [main/TRACE] [REI] [REIPlugin START] Reloading Section: "reloadable-plugin/FluidSupportProviderImpl/DefaultRuntimePlugin of DefaultRuntimePlugin [roughlyenoughitems]/" done in 36.50 μs
[20:32:56] [main/TRACE] [REI] [REIPlugin START] Reloading Section: "reloadable-plugin/FluidSupportProviderImpl/" done in 2.070 ms
[20:32:56] [main/DEBUG] [REI] ========================================
[20:32:56] [main/DEBUG] [REI] REIPlugin ending main-reload for START.
[20:32:56] [main/DEBUG] [REI] ========================================
[20:32:56] [main/TRACE] [REI] [REIPlugin START] Reloading Section: "end-reload/"
[20:32:56] [main/TRACE] [REI] [REIPlugin START] Reloading Section: "end-reload/EntryTypeRegistryImpl/"
[20:32:56] [main/TRACE] [REI] [REIPlugin START] Reloading Section: "end-reload/EntryTypeRegistryImpl/" done in 53.70 μs
[20:32:56] [main/TRACE] [REI] [REIPlugin START] Reloading Section: "end-reload/EntrySettingsAdapterRegistryImpl/"
[20:32:56] [main/TRACE] [REI] [REIPlugin START] Reloading Section: "end-reload/EntrySettingsAdapterRegistryImpl/" done in 78.70 μs
[20:32:56] [main/TRACE] [REI] [REIPlugin START] Reloading Section: "end-reload/RecipeManagerContextImpl/"
[20:32:56] [main/TRACE] [REI] [REIPlugin START] Reloading Section: "end-reload/RecipeManagerContextImpl/" done in 30.30 μs
[20:32:56] [main/TRACE] [REI] [REIPlugin START] Reloading Section: "end-reload/ItemComparatorRegistryImpl/"
[20:32:56] [main/TRACE] [REI] [REIPlugin START] Reloading Section: "end-reload/ItemComparatorRegistryImpl/" done in 30.60 μs
[20:32:56] [main/TRACE] [REI] [REIPlugin START] Reloading Section: "end-reload/FluidComparatorRegistryImpl/"
[20:32:56] [main/TRACE] [REI] [REIPlugin START] Reloading Section: "end-reload/FluidComparatorRegistryImpl/" done in 30.50 μs
[20:32:56] [main/TRACE] [REI] [REIPlugin START] Reloading Section: "end-reload/DisplaySerializerRegistryImpl/"
[20:32:56] [main/TRACE] [REI] [REIPlugin START] Reloading Section: "end-reload/DisplaySerializerRegistryImpl/" done in 52.10 μs
[20:32:56] [main/TRACE] [REI] [REIPlugin START] Reloading Section: "end-reload/FluidSupportProviderImpl/"
[20:32:56] [main/TRACE] [REI] [REIPlugin START] Reloading Section: "end-reload/FluidSupportProviderImpl/" done in 31.00 μs
[20:32:56] [main/TRACE] [REI] [REIPlugin START] Reloading Section: "end-reload/" done in 828.0 μs
[20:32:56] [main/DEBUG] [REI] ========================================
[20:32:56] [main/DEBUG] [REI] REIPlugin ended main-reload for START in 36.77 ms.
[20:32:56] [main/DEBUG] [REI] ========================================
[20:32:56] [main/INFO] [REI] ----------------------------------------
[20:32:56] [main/INFO] [REI] REIServerPlugin starting main-reload for START.
[20:32:56] [main/DEBUG] [REI] Reloadables (2):
[20:32:56] [main/DEBUG] [REI]  - MenuInfoRegistryImpl
[20:32:56] [main/DEBUG] [REI]  - SlotAccessorRegistryImpl
[20:32:56] [main/INFO] [REI] Plugins (4):
[20:32:56] [main/INFO] [REI]  - (-100,00) DefaultPlugin of DefaultPlugin [roughlyenoughitems]
[20:32:56] [main/INFO] [REI]  - (0,00) FabricFluidAPISupportPlugin
[20:32:56] [main/INFO] [REI]  - (0,00) REICompat of REICompat [sophisticatedbackpacks]
[20:32:56] [main/INFO] [REI]  - (0,00) DefaultRuntimePlugin of DefaultRuntimePlugin [roughlyenoughitems]
[20:32:56] [main/INFO] [REI] ----------------------------------------
[20:32:56] [main/TRACE] [REI] [REIServerPlugin START] Reloading Section: "start-reload/"
[20:32:56] [main/TRACE] [REI] [REIServerPlugin START] Reloading Section: "start-reload/MenuInfoRegistryImpl/"
[20:32:56] [main/TRACE] [REI] [REIServerPlugin START] Reloading Section: "start-reload/MenuInfoRegistryImpl/" done in 89.70 μs
[20:32:56] [main/TRACE] [REI] [REIServerPlugin START] Reloading Section: "start-reload/SlotAccessorRegistryImpl/"
[20:32:56] [main/TRACE] [REI] [REIServerPlugin START] Reloading Section: "start-reload/SlotAccessorRegistryImpl/" done in 30.50 μs
[20:32:56] [main/TRACE] [REI] [REIServerPlugin START] Reloading Section: "start-reload/" done in 459.2 μs
[20:32:56] [main/DEBUG] [REI] ========================================
[20:32:56] [main/DEBUG] [REI] REIServerPlugin started main-reload for START.
[20:32:56] [main/DEBUG] [REI] ========================================
[20:32:56] [main/TRACE] [REI] [REIServerPlugin START] Reloading Section: "reloadable-plugin/MenuInfoRegistryImpl/"
[20:32:56] [main/TRACE] [REI] [REIServerPlugin START] Reloading Section: "reloadable-plugin/MenuInfoRegistryImpl/DefaultPlugin of DefaultPlugin [roughlyenoughitems]/"
[20:32:56] [main/TRACE] [REI] [REIServerPlugin START] Reloading Section: "reloadable-plugin/MenuInfoRegistryImpl/DefaultPlugin of DefaultPlugin [roughlyenoughitems]/" done in 38.70 μs
[20:32:56] [main/TRACE] [REI] [REIServerPlugin START] Reloading Section: "reloadable-plugin/MenuInfoRegistryImpl/FabricFluidAPISupportPlugin/"
[20:32:56] [main/TRACE] [REI] [REIServerPlugin START] Reloading Section: "reloadable-plugin/MenuInfoRegistryImpl/FabricFluidAPISupportPlugin/" done in 30.40 μs
[20:32:56] [main/TRACE] [REI] [REIServerPlugin START] Reloading Section: "reloadable-plugin/MenuInfoRegistryImpl/REICompat of REICompat [sophisticatedbackpacks]/"
[20:32:56] [main/TRACE] [REI] [REIServerPlugin START] Reloading Section: "reloadable-plugin/MenuInfoRegistryImpl/REICompat of REICompat [sophisticatedbackpacks]/" done in 33.50 μs
[20:32:56] [main/TRACE] [REI] [REIServerPlugin START] Reloading Section: "reloadable-plugin/MenuInfoRegistryImpl/DefaultRuntimePlugin of DefaultRuntimePlugin [roughlyenoughitems]/"
[20:32:56] [main/TRACE] [REI] [REIServerPlugin START] Reloading Section: "reloadable-plugin/MenuInfoRegistryImpl/DefaultRuntimePlugin of DefaultRuntimePlugin [roughlyenoughitems]/" done in 29.50 μs
[20:32:56] [main/TRACE] [REI] [REIServerPlugin START] Reloading Section: "reloadable-plugin/MenuInfoRegistryImpl/" done in 421.7 μs
[20:32:56] [main/TRACE] [REI] [REIServerPlugin START] Reloading Section: "reloadable-plugin/SlotAccessorRegistryImpl/"
[20:32:56] [main/TRACE] [REI] [REIServerPlugin START] Reloading Section: "reloadable-plugin/SlotAccessorRegistryImpl/DefaultPlugin of DefaultPlugin [roughlyenoughitems]/"
[20:32:56] [main/TRACE] [REI] [REIServerPlugin START] Reloading Section: "reloadable-plugin/SlotAccessorRegistryImpl/DefaultPlugin of DefaultPlugin [roughlyenoughitems]/" done in 31.30 μs
[20:32:56] [main/TRACE] [REI] [REIServerPlugin START] Reloading Section: "reloadable-plugin/SlotAccessorRegistryImpl/FabricFluidAPISupportPlugin/"
[20:32:56] [main/TRACE] [REI] [REIServerPlugin START] Reloading Section: "reloadable-plugin/SlotAccessorRegistryImpl/FabricFluidAPISupportPlugin/" done in 30.10 μs
[20:32:56] [main/TRACE] [REI] [REIServerPlugin START] Reloading Section: "reloadable-plugin/SlotAccessorRegistryImpl/REICompat of REICompat [sophisticatedbackpacks]/"
[20:32:56] [main/TRACE] [REI] [REIServerPlugin START] Reloading Section: "reloadable-plugin/SlotAccessorRegistryImpl/REICompat of REICompat [sophisticatedbackpacks]/" done in 32.10 μs
[20:32:56] [main/TRACE] [REI] [REIServerPlugin START] Reloading Section: "reloadable-plugin/SlotAccessorRegistryImpl/DefaultRuntimePlugin of DefaultRuntimePlugin [roughlyenoughitems]/"
[20:32:56] [main/TRACE] [REI] [REIServerPlugin START] Reloading Section: "reloadable-plugin/SlotAccessorRegistryImpl/DefaultRuntimePlugin of DefaultRuntimePlugin [roughlyenoughitems]/" done in 57.70 μs
[20:32:56] [main/TRACE] [REI] [REIServerPlugin START] Reloading Section: "reloadable-plugin/SlotAccessorRegistryImpl/" done in 514.9 μs
[20:32:56] [main/DEBUG] [REI] ========================================
[20:32:56] [main/DEBUG] [REI] REIServerPlugin ending main-reload for START.
[20:32:56] [main/DEBUG] [REI] ========================================
[20:32:56] [main/TRACE] [REI] [REIServerPlugin START] Reloading Section: "end-reload/"
[20:32:56] [main/TRACE] [REI] [REIServerPlugin START] Reloading Section: "end-reload/MenuInfoRegistryImpl/"
[20:32:56] [main/TRACE] [REI] [REIServerPlugin START] Reloading Section: "end-reload/MenuInfoRegistryImpl/" done in 49.60 μs
[20:32:56] [main/TRACE] [REI] [REIServerPlugin START] Reloading Section: "end-reload/SlotAccessorRegistryImpl/"
[20:32:56] [main/TRACE] [REI] [REIServerPlugin START] Reloading Section: "end-reload/SlotAccessorRegistryImpl/" done in 46.40 μs
[20:32:56] [main/TRACE] [REI] [REIServerPlugin START] Reloading Section: "end-reload/" done in 325.0 μs
[20:32:56] [main/DEBUG] [REI] ========================================
[20:32:56] [main/DEBUG] [REI] REIServerPlugin ended main-reload for START in 11.48 ms.
[20:32:56] [main/DEBUG] [REI] ========================================
[20:32:56] [main/DEBUG] [REI] ========================================
[20:32:56] [main/DEBUG] [REI] REIPlugin starting post-reload for START.
[20:32:56] [main/DEBUG] [REI] Reloadables (7):
[20:32:56] [main/DEBUG] [REI]  - EntryTypeRegistryImpl
[20:32:56] [main/DEBUG] [REI]  - EntrySettingsAdapterRegistryImpl
[20:32:56] [main/DEBUG] [REI]  - RecipeManagerContextImpl
[20:32:56] [main/DEBUG] [REI]  - ItemComparatorRegistryImpl
[20:32:56] [main/DEBUG] [REI]  - FluidComparatorRegistryImpl
[20:32:56] [main/DEBUG] [REI]  - DisplaySerializerRegistryImpl
[20:32:56] [main/DEBUG] [REI]  - FluidSupportProviderImpl
[20:32:56] [main/DEBUG] [REI] Plugins (4):
[20:32:56] [main/DEBUG] [REI]  - (-100,00) DefaultPlugin of DefaultPlugin [roughlyenoughitems]
[20:32:56] [main/DEBUG] [REI]  - (0,00) FabricFluidAPISupportPlugin
[20:32:56] [main/DEBUG] [REI]  - (0,00) REICompat of REICompat [sophisticatedbackpacks]
[20:32:56] [main/DEBUG] [REI]  - (0,00) DefaultRuntimePlugin of DefaultRuntimePlugin [roughlyenoughitems]
[20:32:56] [main/DEBUG] [REI] ========================================
[20:32:56] [main/TRACE] [REI] [REIPlugin START] Reloading Section: "post-register/"
[20:32:56] [main/TRACE] [REI] [REIPlugin START] Reloading Section: "post-register/DefaultPlugin of DefaultPlugin [roughlyenoughitems]/"
[20:32:56] [main/TRACE] [REI] [REIPlugin START] Reloading Section: "post-register/DefaultPlugin of DefaultPlugin [roughlyenoughitems]/" done in 450.9 μs
[20:32:56] [main/TRACE] [REI] [REIPlugin START] Reloading Section: "post-register/FabricFluidAPISupportPlugin/"
[20:32:56] [main/TRACE] [REI] [REIPlugin START] Reloading Section: "post-register/FabricFluidAPISupportPlugin/" done in 81.80 μs
[20:32:56] [main/TRACE] [REI] [REIPlugin START] Reloading Section: "post-register/REICompat of REICompat [sophisticatedbackpacks]/"
[20:32:56] [main/TRACE] [REI] [REIPlugin START] Reloading Section: "post-register/REICompat of REICompat [sophisticatedbackpacks]/" done in 99.80 μs
[20:32:56] [main/TRACE] [REI] [REIPlugin START] Reloading Section: "post-register/DefaultRuntimePlugin of DefaultRuntimePlugin [roughlyenoughitems]/"
[20:32:56] [main/TRACE] [REI] [REIPlugin START] Reloading Section: "post-register/DefaultRuntimePlugin of DefaultRuntimePlugin [roughlyenoughitems]/" done in 71.80 μs
[20:32:56] [main/TRACE] [REI] [REIPlugin START] Reloading Section: "post-register/" done in 2.572 ms
[20:32:56] [main/TRACE] [REI] [REIPlugin START] Reloading Section: "post-stage/"
[20:32:56] [main/TRACE] [REI] [REIPlugin START] Reloading Section: "post-stage/EntryTypeRegistryImpl/"
[20:32:56] [main/TRACE] [REI] [REIPlugin START] Reloading Section: "post-stage/EntryTypeRegistryImpl/" done in 118.9 μs
[20:32:56] [main/TRACE] [REI] [REIPlugin START] Reloading Section: "post-stage/EntrySettingsAdapterRegistryImpl/"
[20:32:56] [main/TRACE] [REI] [REIPlugin START] Reloading Section: "post-stage/EntrySettingsAdapterRegistryImpl/" done in 44.20 μs
[20:32:56] [main/TRACE] [REI] [REIPlugin START] Reloading Section: "post-stage/RecipeManagerContextImpl/"
[20:32:56] [main/TRACE] [REI] [REIPlugin START] Reloading Section: "post-stage/RecipeManagerContextImpl/" done in 41.00 μs
[20:32:56] [main/TRACE] [REI] [REIPlugin START] Reloading Section: "post-stage/ItemComparatorRegistryImpl/"
[20:32:56] [main/TRACE] [REI] [REIPlugin START] Reloading Section: "post-stage/ItemComparatorRegistryImpl/" done in 620.9 μs
[20:32:56] [main/TRACE] [REI] [REIPlugin START] Reloading Section: "post-stage/FluidComparatorRegistryImpl/"
[20:32:56] [main/TRACE] [REI] [REIPlugin START] Reloading Section: "post-stage/FluidComparatorRegistryImpl/" done in 86.20 μs
[20:32:56] [main/TRACE] [REI] [REIPlugin START] Reloading Section: "post-stage/DisplaySerializerRegistryImpl/"
[20:32:56] [main/TRACE] [REI] [REIPlugin START] Reloading Section: "post-stage/DisplaySerializerRegistryImpl/" done in 49.70 μs
[20:32:56] [main/TRACE] [REI] [REIPlugin START] Reloading Section: "post-stage/FluidSupportProviderImpl/"
[20:32:56] [main/TRACE] [REI] [REIPlugin START] Reloading Section: "post-stage/FluidSupportProviderImpl/" done in 44.30 μs
[20:32:56] [main/TRACE] [REI] [REIPlugin START] Reloading Section: "post-stage/" done in 2.313 ms
[20:32:56] [main/DEBUG] [REI] ========================================
[20:32:56] [main/INFO] [REI] REIPlugin finished post-reload for START in 5.067 ms, totaling 75.30 ms.
[20:32:56] [main/DEBUG] [REI] ========================================
[20:32:56] [main/DEBUG] [REI] ========================================
[20:32:56] [main/DEBUG] [REI] REIServerPlugin starting post-reload for START.
[20:32:56] [main/DEBUG] [REI] Reloadables (2):
[20:32:56] [main/DEBUG] [REI]  - MenuInfoRegistryImpl
[20:32:56] [main/DEBUG] [REI]  - SlotAccessorRegistryImpl
[20:32:56] [main/DEBUG] [REI] Plugins (4):
[20:32:56] [main/DEBUG] [REI]  - (-100,00) DefaultPlugin of DefaultPlugin [roughlyenoughitems]
[20:32:56] [main/DEBUG] [REI]  - (0,00) FabricFluidAPISupportPlugin
[20:32:56] [main/DEBUG] [REI]  - (0,00) REICompat of REICompat [sophisticatedbackpacks]
[20:32:56] [main/DEBUG] [REI]  - (0,00) DefaultRuntimePlugin of DefaultRuntimePlugin [roughlyenoughitems]
[20:32:56] [main/DEBUG] [REI] ========================================
[20:32:56] [main/TRACE] [REI] [REIServerPlugin START] Reloading Section: "post-register/"
[20:32:56] [main/TRACE] [REI] [REIServerPlugin START] Reloading Section: "post-register/DefaultPlugin of DefaultPlugin [roughlyenoughitems]/"
[20:32:56] [main/TRACE] [REI] [REIServerPlugin START] Reloading Section: "post-register/DefaultPlugin of DefaultPlugin [roughlyenoughitems]/" done in 52.80 μs
[20:32:56] [main/TRACE] [REI] [REIServerPlugin START] Reloading Section: "post-register/FabricFluidAPISupportPlugin/"
[20:32:56] [main/TRACE] [REI] [REIServerPlugin START] Reloading Section: "post-register/FabricFluidAPISupportPlugin/" done in 40.80 μs
[20:32:56] [main/TRACE] [REI] [REIServerPlugin START] Reloading Section: "post-register/REICompat of REICompat [sophisticatedbackpacks]/"
[20:32:56] [main/TRACE] [REI] [REIServerPlugin START] Reloading Section: "post-register/REICompat of REICompat [sophisticatedbackpacks]/" done in 34.80 μs
[20:32:56] [main/TRACE] [REI] [REIServerPlugin START] Reloading Section: "post-register/DefaultRuntimePlugin of DefaultRuntimePlugin [roughlyenoughitems]/"
[20:32:56] [main/TRACE] [REI] [REIServerPlugin START] Reloading Section: "post-register/DefaultRuntimePlugin of DefaultRuntimePlugin [roughlyenoughitems]/" done in 61.30 μs
[20:32:56] [main/TRACE] [REI] [REIServerPlugin START] Reloading Section: "post-register/" done in 651.2 μs
[20:32:56] [main/TRACE] [REI] [REIServerPlugin START] Reloading Section: "post-stage/"
[20:32:56] [main/TRACE] [REI] [REIServerPlugin START] Reloading Section: "post-stage/MenuInfoRegistryImpl/"
[20:32:56] [main/TRACE] [REI] [REIServerPlugin START] Reloading Section: "post-stage/MenuInfoRegistryImpl/" done in 51.50 μs
[20:32:56] [main/TRACE] [REI] [REIServerPlugin START] Reloading Section: "post-stage/SlotAccessorRegistryImpl/"
[20:32:56] [main/TRACE] [REI] [REIServerPlugin START] Reloading Section: "post-stage/SlotAccessorRegistryImpl/" done in 31.20 μs
[20:32:56] [main/TRACE] [REI] [REIServerPlugin START] Reloading Section: "post-stage/" done in 274.3 μs
[20:32:56] [main/DEBUG] [REI] ========================================
[20:32:56] [main/INFO] [REI] REIServerPlugin finished post-reload for START in 1.080 ms, totaling 13.84 ms.
[20:32:56] [main/DEBUG] [REI] ========================================
[20:32:56] [main/DEBUG] [REI] ========================================
[20:32:56] [main/DEBUG] [REI] REIPlugin starting pre-reload for END.
[20:32:56] [main/DEBUG] [REI] Reloadables (7):
[20:32:56] [main/DEBUG] [REI]  - EntryTypeRegistryImpl
[20:32:56] [main/DEBUG] [REI]  - EntrySettingsAdapterRegistryImpl
[20:32:56] [main/DEBUG] [REI]  - RecipeManagerContextImpl
[20:32:56] [main/DEBUG] [REI]  - ItemComparatorRegistryImpl
[20:32:56] [main/DEBUG] [REI]  - FluidComparatorRegistryImpl
[20:32:56] [main/DEBUG] [REI]  - DisplaySerializerRegistryImpl
[20:32:56] [main/DEBUG] [REI]  - FluidSupportProviderImpl
[20:32:56] [main/DEBUG] [REI] Plugins (4):
[20:32:56] [main/DEBUG] [REI]  - (-100,00) DefaultPlugin of DefaultPlugin [roughlyenoughitems]
[20:32:56] [main/DEBUG] [REI]  - (0,00) FabricFluidAPISupportPlugin
[20:32:56] [main/DEBUG] [REI]  - (0,00) REICompat of REICompat [sophisticatedbackpacks]
[20:32:56] [main/DEBUG] [REI]  - (0,00) DefaultRuntimePlugin of DefaultRuntimePlugin [roughlyenoughitems]
[20:32:56] [main/DEBUG] [REI] ========================================
[20:32:56] [main/TRACE] [REI] [REIPlugin END] Reloading Section: "pre-register/"
[20:32:56] [main/TRACE] [REI] [REIPlugin END] Reloading Section: "pre-register/DefaultPlugin of DefaultPlugin [roughlyenoughitems]/"
[20:32:56] [main/TRACE] [REI] [REIPlugin END] Reloading Section: "pre-register/DefaultPlugin of DefaultPlugin [roughlyenoughitems]/" done in 36.80 μs
[20:32:56] [main/TRACE] [REI] [REIPlugin END] Reloading Section: "pre-register/FabricFluidAPISupportPlugin/"
[20:32:56] [main/TRACE] [REI] [REIPlugin END] Reloading Section: "pre-register/FabricFluidAPISupportPlugin/" done in 27.10 μs
[20:32:56] [main/TRACE] [REI] [REIPlugin END] Reloading Section: "pre-register/REICompat of REICompat [sophisticatedbackpacks]/"
[20:32:56] [main/TRACE] [REI] [REIPlugin END] Reloading Section: "pre-register/REICompat of REICompat [sophisticatedbackpacks]/" done in 25.30 μs
[20:32:56] [main/TRACE] [REI] [REIPlugin END] Reloading Section: "pre-register/DefaultRuntimePlugin of DefaultRuntimePlugin [roughlyenoughitems]/"
[20:32:56] [main/TRACE] [REI] [REIPlugin END] Reloading Section: "pre-register/DefaultRuntimePlugin of DefaultRuntimePlugin [roughlyenoughitems]/" done in 24.90 μs
[20:32:56] [main/TRACE] [REI] [REIPlugin END] Reloading Section: "pre-register/" done in 446.6 μs
[20:32:56] [main/TRACE] [REI] [REIPlugin END] Reloading Section: "pre-stage/"
[20:32:56] [main/TRACE] [REI] [REIPlugin END] Reloading Section: "pre-stage/EntryTypeRegistryImpl/"
[20:32:56] [main/TRACE] [REI] [REIPlugin END] Reloading Section: "pre-stage/EntryTypeRegistryImpl/" done in 39.10 μs
[20:32:56] [main/TRACE] [REI] [REIPlugin END] Reloading Section: "pre-stage/EntrySettingsAdapterRegistryImpl/"
[20:32:56] [main/TRACE] [REI] [REIPlugin END] Reloading Section: "pre-stage/EntrySettingsAdapterRegistryImpl/" done in 46.80 μs
[20:32:56] [main/TRACE] [REI] [REIPlugin END] Reloading Section: "pre-stage/RecipeManagerContextImpl/"
[20:32:56] [main/TRACE] [REI] [REIPlugin END] Reloading Section: "pre-stage/RecipeManagerContextImpl/" done in 84.80 μs
[20:32:56] [main/TRACE] [REI] [REIPlugin END] Reloading Section: "pre-stage/ItemComparatorRegistryImpl/"
[20:32:56] [main/TRACE] [REI] [REIPlugin END] Reloading Section: "pre-stage/ItemComparatorRegistryImpl/" done in 45.40 μs
[20:32:56] [main/TRACE] [REI] [REIPlugin END] Reloading Section: "pre-stage/FluidComparatorRegistryImpl/"
[20:32:56] [main/TRACE] [REI] [REIPlugin END] Reloading Section: "pre-stage/FluidComparatorRegistryImpl/" done in 36.70 μs
[20:32:56] [main/TRACE] [REI] [REIPlugin END] Reloading Section: "pre-stage/DisplaySerializerRegistryImpl/"
[20:32:56] [main/TRACE] [REI] [REIPlugin END] Reloading Section: "pre-stage/DisplaySerializerRegistryImpl/" done in 34.40 μs
[20:32:56] [main/TRACE] [REI] [REIPlugin END] Reloading Section: "pre-stage/FluidSupportProviderImpl/"
[20:32:56] [main/TRACE] [REI] [REIPlugin END] Reloading Section: "pre-stage/FluidSupportProviderImpl/" done in 36.30 μs
[20:32:56] [main/TRACE] [REI] [REIPlugin END] Reloading Section: "pre-stage/" done in 910.0 μs
[20:32:56] [main/DEBUG] [REI] ========================================
[20:32:56] [main/DEBUG] [REI] REIPlugin finished pre-reload for END in 1.486 ms.
[20:32:56] [main/DEBUG] [REI] ========================================
[20:32:56] [main/DEBUG] [REI] ========================================
[20:32:56] [main/DEBUG] [REI] REIServerPlugin starting pre-reload for END.
[20:32:56] [main/DEBUG] [REI] Reloadables (2):
[20:32:56] [main/DEBUG] [REI]  - MenuInfoRegistryImpl
[20:32:56] [main/DEBUG] [REI]  - SlotAccessorRegistryImpl
[20:32:56] [main/DEBUG] [REI] Plugins (4):
[20:32:56] [main/DEBUG] [REI]  - (-100,00) DefaultPlugin of DefaultPlugin [roughlyenoughitems]
[20:32:56] [main/DEBUG] [REI]  - (0,00) FabricFluidAPISupportPlugin
[20:32:56] [main/DEBUG] [REI]  - (0,00) REICompat of REICompat [sophisticatedbackpacks]
[20:32:56] [main/DEBUG] [REI]  - (0,00) DefaultRuntimePlugin of DefaultRuntimePlugin [roughlyenoughitems]
[20:32:56] [main/DEBUG] [REI] ========================================
[20:32:56] [main/TRACE] [REI] [REIServerPlugin END] Reloading Section: "pre-register/"
[20:32:56] [main/TRACE] [REI] [REIServerPlugin END] Reloading Section: "pre-register/DefaultPlugin of DefaultPlugin [roughlyenoughitems]/"
[20:32:56] [main/TRACE] [REI] [REIServerPlugin END] Reloading Section: "pre-register/DefaultPlugin of DefaultPlugin [roughlyenoughitems]/" done in 50.90 μs
[20:32:56] [main/TRACE] [REI] [REIServerPlugin END] Reloading Section: "pre-register/FabricFluidAPISupportPlugin/"
[20:32:56] [main/TRACE] [REI] [REIServerPlugin END] Reloading Section: "pre-register/FabricFluidAPISupportPlugin/" done in 40.40 μs
[20:32:56] [main/TRACE] [REI] [REIServerPlugin END] Reloading Section: "pre-register/REICompat of REICompat [sophisticatedbackpacks]/"
[20:32:56] [main/TRACE] [REI] [REIServerPlugin END] Reloading Section: "pre-register/REICompat of REICompat [sophisticatedbackpacks]/" done in 34.20 μs
[20:32:56] [main/TRACE] [REI] [REIServerPlugin END] Reloading Section: "pre-register/DefaultRuntimePlugin of DefaultRuntimePlugin [roughlyenoughitems]/"
[20:32:56] [main/TRACE] [REI] [REIServerPlugin END] Reloading Section: "pre-register/DefaultRuntimePlugin of DefaultRuntimePlugin [roughlyenoughitems]/" done in 30.60 μs
[20:32:56] [main/TRACE] [REI] [REIServerPlugin END] Reloading Section: "pre-register/" done in 596.8 μs
[20:32:56] [main/TRACE] [REI] [REIServerPlugin END] Reloading Section: "pre-stage/"
[20:32:56] [main/TRACE] [REI] [REIServerPlugin END] Reloading Section: "pre-stage/MenuInfoRegistryImpl/"
[20:32:56] [main/TRACE] [REI] [REIServerPlugin END] Reloading Section: "pre-stage/MenuInfoRegistryImpl/" done in 36.20 μs
[20:32:56] [main/TRACE] [REI] [REIServerPlugin END] Reloading Section: "pre-stage/SlotAccessorRegistryImpl/"
[20:32:56] [main/TRACE] [REI] [REIServerPlugin END] Reloading Section: "pre-stage/SlotAccessorRegistryImpl/" done in 36.30 μs
[20:32:56] [main/TRACE] [REI] [REIServerPlugin END] Reloading Section: "pre-stage/" done in 241.3 μs
[20:32:56] [main/DEBUG] [REI] ========================================
[20:32:56] [main/DEBUG] [REI] REIServerPlugin finished pre-reload for END in 942.0 μs.
[20:32:56] [main/DEBUG] [REI] ========================================
[20:32:56] [main/INFO] [REI] ----------------------------------------
[20:32:56] [main/INFO] [REI] REIPlugin starting main-reload for END.
[20:32:56] [main/DEBUG] [REI] Reloadables (7):
[20:32:56] [main/DEBUG] [REI]  - EntryTypeRegistryImpl
[20:32:56] [main/DEBUG] [REI]  - EntrySettingsAdapterRegistryImpl
[20:32:56] [main/DEBUG] [REI]  - RecipeManagerContextImpl
[20:32:56] [main/DEBUG] [REI]  - ItemComparatorRegistryImpl
[20:32:56] [main/DEBUG] [REI]  - FluidComparatorRegistryImpl
[20:32:56] [main/DEBUG] [REI]  - DisplaySerializerRegistryImpl
[20:32:56] [main/DEBUG] [REI]  - FluidSupportProviderImpl
[20:32:56] [main/INFO] [REI] Plugins (4):
[20:32:56] [main/INFO] [REI]  - (-100,00) DefaultPlugin of DefaultPlugin [roughlyenoughitems]
[20:32:56] [main/INFO] [REI]  - (0,00) FabricFluidAPISupportPlugin
[20:32:56] [main/INFO] [REI]  - (0,00) REICompat of REICompat [sophisticatedbackpacks]
[20:32:56] [main/INFO] [REI]  - (0,00) DefaultRuntimePlugin of DefaultRuntimePlugin [roughlyenoughitems]
[20:32:56] [main/INFO] [REI] ----------------------------------------
[20:32:56] [main/TRACE] [REI] [REIPlugin END] Reloading Section: "start-reload/"
[20:32:56] [main/TRACE] [REI] [REIPlugin END] Reloading Section: "start-reload/EntryTypeRegistryImpl/"
[20:32:56] [main/TRACE] [REI] [REIPlugin END] Reloading Section: "start-reload/EntryTypeRegistryImpl/" done in 46.70 μs
[20:32:56] [main/TRACE] [REI] [REIPlugin END] Reloading Section: "start-reload/EntrySettingsAdapterRegistryImpl/"
[20:32:56] [main/TRACE] [REI] [REIPlugin END] Reloading Section: "start-reload/EntrySettingsAdapterRegistryImpl/" done in 76.80 μs
[20:32:56] [main/TRACE] [REI] [REIPlugin END] Reloading Section: "start-reload/RecipeManagerContextImpl/"
[20:32:56] [main/TRACE] [REI] [REIPlugin END] Reloading Section: "start-reload/RecipeManagerContextImpl/" done in 41.80 μs
[20:32:56] [main/TRACE] [REI] [REIPlugin END] Reloading Section: "start-reload/ItemComparatorRegistryImpl/"
[20:32:56] [main/TRACE] [REI] [REIPlugin END] Reloading Section: "start-reload/ItemComparatorRegistryImpl/" done in 44.80 μs
[20:32:56] [main/TRACE] [REI] [REIPlugin END] Reloading Section: "start-reload/FluidComparatorRegistryImpl/"
[20:32:56] [main/TRACE] [REI] [REIPlugin END] Reloading Section: "start-reload/FluidComparatorRegistryImpl/" done in 45.60 μs
[20:32:56] [main/TRACE] [REI] [REIPlugin END] Reloading Section: "start-reload/DisplaySerializerRegistryImpl/"
[20:32:56] [main/TRACE] [REI] [REIPlugin END] Reloading Section: "start-reload/DisplaySerializerRegistryImpl/" done in 65.20 μs
[20:32:56] [main/TRACE] [REI] [REIPlugin END] Reloading Section: "start-reload/FluidSupportProviderImpl/"
[20:32:56] [main/TRACE] [REI] [REIPlugin END] Reloading Section: "start-reload/FluidSupportProviderImpl/" done in 77.40 μs
[20:32:56] [main/TRACE] [REI] [REIPlugin END] Reloading Section: "start-reload/" done in 1.344 ms
[20:32:56] [main/DEBUG] [REI] ========================================
[20:32:56] [main/DEBUG] [REI] REIPlugin started main-reload for END.
[20:32:56] [main/DEBUG] [REI] ========================================
[20:32:56] [main/TRACE] [REI] [REIPlugin END] Reloading Section: "reloadable-plugin/EntryTypeRegistryImpl/"
[20:32:56] [main/TRACE] [REI] [REIPlugin END] Reloading Section: "reloadable-plugin/EntryTypeRegistryImpl/DefaultPlugin of DefaultPlugin [roughlyenoughitems]/"
[20:32:56] [main/TRACE] [REI] [REIPlugin END] Reloading Section: "reloadable-plugin/EntryTypeRegistryImpl/DefaultPlugin of DefaultPlugin [roughlyenoughitems]/" done in 43.20 μs
[20:32:56] [main/TRACE] [REI] [REIPlugin END] Reloading Section: "reloadable-plugin/EntryTypeRegistryImpl/FabricFluidAPISupportPlugin/"
[20:32:56] [main/TRACE] [REI] [REIPlugin END] Reloading Section: "reloadable-plugin/EntryTypeRegistryImpl/FabricFluidAPISupportPlugin/" done in 32.60 μs
[20:32:56] [main/TRACE] [REI] [REIPlugin END] Reloading Section: "reloadable-plugin/EntryTypeRegistryImpl/REICompat of REICompat [sophisticatedbackpacks]/"
[20:32:56] [main/TRACE] [REI] [REIPlugin END] Reloading Section: "reloadable-plugin/EntryTypeRegistryImpl/REICompat of REICompat [sophisticatedbackpacks]/" done in 100.4 μs
[20:32:56] [main/TRACE] [REI] [REIPlugin END] Reloading Section: "reloadable-plugin/EntryTypeRegistryImpl/DefaultRuntimePlugin of DefaultRuntimePlugin [roughlyenoughitems]/"
[20:32:56] [main/TRACE] [REI] [REIPlugin END] Reloading Section: "reloadable-plugin/EntryTypeRegistryImpl/DefaultRuntimePlugin of DefaultRuntimePlugin [roughlyenoughitems]/" done in 115.4 μs
[20:32:56] [main/TRACE] [REI] [REIPlugin END] Reloading Section: "reloadable-plugin/EntryTypeRegistryImpl/" done in 864.9 μs
[20:32:56] [main/TRACE] [REI] [REIPlugin END] Reloading Section: "reloadable-plugin/EntrySettingsAdapterRegistryImpl/"
[20:32:56] [main/TRACE] [REI] [REIPlugin END] Reloading Section: "reloadable-plugin/EntrySettingsAdapterRegistryImpl/DefaultPlugin of DefaultPlugin [roughlyenoughitems]/"
[20:32:56] [main/TRACE] [REI] [REIPlugin END] Reloading Section: "reloadable-plugin/EntrySettingsAdapterRegistryImpl/DefaultPlugin of DefaultPlugin [roughlyenoughitems]/" done in 58.70 μs
[20:32:56] [main/TRACE] [REI] [REIPlugin END] Reloading Section: "reloadable-plugin/EntrySettingsAdapterRegistryImpl/FabricFluidAPISupportPlugin/"
[20:32:56] [main/TRACE] [REI] [REIPlugin END] Reloading Section: "reloadable-plugin/EntrySettingsAdapterRegistryImpl/FabricFluidAPISupportPlugin/" done in 33.30 μs
[20:32:56] [main/TRACE] [REI] [REIPlugin END] Reloading Section: "reloadable-plugin/EntrySettingsAdapterRegistryImpl/REICompat of REICompat [sophisticatedbackpacks]/"
[20:32:56] [main/TRACE] [REI] [REIPlugin END] Reloading Section: "reloadable-plugin/EntrySettingsAdapterRegistryImpl/REICompat of REICompat [sophisticatedbackpacks]/" done in 52.00 μs
[20:32:56] [main/TRACE] [REI] [REIPlugin END] Reloading Section: "reloadable-plugin/EntrySettingsAdapterRegistryImpl/DefaultRuntimePlugin of DefaultRuntimePlugin [roughlyenoughitems]/"
[20:32:56] [main/TRACE] [REI] [REIPlugin END] Reloading Section: "reloadable-plugin/EntrySettingsAdapterRegistryImpl/DefaultRuntimePlugin of DefaultRuntimePlugin [roughlyenoughitems]/" done in 34.70 μs
[20:32:56] [main/TRACE] [REI] [REIPlugin END] Reloading Section: "reloadable-plugin/EntrySettingsAdapterRegistryImpl/" done in 501.8 μs
[20:32:56] [main/TRACE] [REI] [REIPlugin END] Reloading Section: "reloadable-plugin/RecipeManagerContextImpl/"
[20:32:56] [main/TRACE] [REI] [REIPlugin END] Reloading Section: "reloadable-plugin/RecipeManagerContextImpl/DefaultPlugin of DefaultPlugin [roughlyenoughitems]/"
[20:32:56] [main/TRACE] [REI] [REIPlugin END] Reloading Section: "reloadable-plugin/RecipeManagerContextImpl/DefaultPlugin of DefaultPlugin [roughlyenoughitems]/" done in 98.00 μs
[20:32:56] [main/TRACE] [REI] [REIPlugin END] Reloading Section: "reloadable-plugin/RecipeManagerContextImpl/FabricFluidAPISupportPlugin/"
[20:32:56] [main/TRACE] [REI] [REIPlugin END] Reloading Section: "reloadable-plugin/RecipeManagerContextImpl/FabricFluidAPISupportPlugin/" done in 69.10 μs
[20:32:56] [main/TRACE] [REI] [REIPlugin END] Reloading Section: "reloadable-plugin/RecipeManagerContextImpl/REICompat of REICompat [sophisticatedbackpacks]/"
[20:32:56] [main/TRACE] [REI] [REIPlugin END] Reloading Section: "reloadable-plugin/RecipeManagerContextImpl/REICompat of REICompat [sophisticatedbackpacks]/" done in 52.60 μs
[20:32:56] [main/TRACE] [REI] [REIPlugin END] Reloading Section: "reloadable-plugin/RecipeManagerContextImpl/DefaultRuntimePlugin of DefaultRuntimePlugin [roughlyenoughitems]/"
[20:32:56] [main/TRACE] [REI] [REIPlugin END] Reloading Section: "reloadable-plugin/RecipeManagerContextImpl/DefaultRuntimePlugin of DefaultRuntimePlugin [roughlyenoughitems]/" done in 58.20 μs
[20:32:56] [main/TRACE] [REI] [REIPlugin END] Reloading Section: "reloadable-plugin/RecipeManagerContextImpl/" done in 815.7 μs
[20:32:56] [main/TRACE] [REI] [REIPlugin END] Reloading Section: "reloadable-plugin/ItemComparatorRegistryImpl/"
[20:32:56] [main/TRACE] [REI] [REIPlugin END] Reloading Section: "reloadable-plugin/ItemComparatorRegistryImpl/DefaultPlugin of DefaultPlugin [roughlyenoughitems]/"
[20:32:56] [main/TRACE] [REI] [REIPlugin END] Reloading Section: "reloadable-plugin/ItemComparatorRegistryImpl/DefaultPlugin of DefaultPlugin [roughlyenoughitems]/" done in 73.40 μs
[20:32:56] [main/TRACE] [REI] [REIPlugin END] Reloading Section: "reloadable-plugin/ItemComparatorRegistryImpl/FabricFluidAPISupportPlugin/"
[20:32:56] [main/TRACE] [REI] [REIPlugin END] Reloading Section: "reloadable-plugin/ItemComparatorRegistryImpl/FabricFluidAPISupportPlugin/" done in 53.00 μs
[20:32:56] [main/TRACE] [REI] [REIPlugin END] Reloading Section: "reloadable-plugin/ItemComparatorRegistryImpl/REICompat of REICompat [sophisticatedbackpacks]/"
[20:32:56] [main/TRACE] [REI] [REIPlugin END] Reloading Section: "reloadable-plugin/ItemComparatorRegistryImpl/REICompat of REICompat [sophisticatedbackpacks]/" done in 66.90 μs
[20:32:56] [main/TRACE] [REI] [REIPlugin END] Reloading Section: "reloadable-plugin/ItemComparatorRegistryImpl/DefaultRuntimePlugin of DefaultRuntimePlugin [roughlyenoughitems]/"
[20:32:56] [main/TRACE] [REI] [REIPlugin END] Reloading Section: "reloadable-plugin/ItemComparatorRegistryImpl/DefaultRuntimePlugin of DefaultRuntimePlugin [roughlyenoughitems]/" done in 57.90 μs
[20:32:56] [main/TRACE] [REI] [REIPlugin END] Reloading Section: "reloadable-plugin/ItemComparatorRegistryImpl/" done in 937.9 μs
[20:32:56] [main/TRACE] [REI] [REIPlugin END] Reloading Section: "reloadable-plugin/FluidComparatorRegistryImpl/"
[20:32:56] [main/TRACE] [REI] [REIPlugin END] Reloading Section: "reloadable-plugin/FluidComparatorRegistryImpl/DefaultPlugin of DefaultPlugin [roughlyenoughitems]/"
[20:32:56] [main/TRACE] [REI] [REIPlugin END] Reloading Section: "reloadable-plugin/FluidComparatorRegistryImpl/DefaultPlugin of DefaultPlugin [roughlyenoughitems]/" done in 53.00 μs
[20:32:56] [main/TRACE] [REI] [REIPlugin END] Reloading Section: "reloadable-plugin/FluidComparatorRegistryImpl/FabricFluidAPISupportPlugin/"
[20:32:56] [main/TRACE] [REI] [REIPlugin END] Reloading Section: "reloadable-plugin/FluidComparatorRegistryImpl/FabricFluidAPISupportPlugin/" done in 47.50 μs
[20:32:56] [main/TRACE] [REI] [REIPlugin END] Reloading Section: "reloadable-plugin/FluidComparatorRegistryImpl/REICompat of REICompat [sophisticatedbackpacks]/"
[20:32:56] [main/TRACE] [REI] [REIPlugin END] Reloading Section: "reloadable-plugin/FluidComparatorRegistryImpl/REICompat of REICompat [sophisticatedbackpacks]/" done in 50.00 μs
[20:32:56] [main/TRACE] [REI] [REIPlugin END] Reloading Section: "reloadable-plugin/FluidComparatorRegistryImpl/DefaultRuntimePlugin of DefaultRuntimePlugin [roughlyenoughitems]/"
[20:32:56] [main/TRACE] [REI] [REIPlugin END] Reloading Section: "reloadable-plugin/FluidComparatorRegistryImpl/DefaultRuntimePlugin of DefaultRuntimePlugin [roughlyenoughitems]/" done in 122.6 μs
[20:32:56] [main/TRACE] [REI] [REIPlugin END] Reloading Section: "reloadable-plugin/FluidComparatorRegistryImpl/" done in 815.9 μs
[20:32:56] [main/TRACE] [REI] [REIPlugin END] Reloading Section: "reloadable-plugin/DisplaySerializerRegistryImpl/"
[20:32:56] [main/TRACE] [REI] [REIPlugin END] Reloading Section: "reloadable-plugin/DisplaySerializerRegistryImpl/DefaultPlugin of DefaultPlugin [roughlyenoughitems]/"
[20:32:56] [main/TRACE] [REI] [REIPlugin END] Reloading Section: "reloadable-plugin/DisplaySerializerRegistryImpl/DefaultPlugin of DefaultPlugin [roughlyenoughitems]/" done in 38.31 ms
[20:32:56] [main/TRACE] [REI] [REIPlugin END] Reloading Section: "reloadable-plugin/DisplaySerializerRegistryImpl/FabricFluidAPISupportPlugin/"
[20:32:56] [main/TRACE] [REI] [REIPlugin END] Reloading Section: "reloadable-plugin/DisplaySerializerRegistryImpl/FabricFluidAPISupportPlugin/" done in 48.20 μs
[20:32:56] [main/TRACE] [REI] [REIPlugin END] Reloading Section: "reloadable-plugin/DisplaySerializerRegistryImpl/REICompat of REICompat [sophisticatedbackpacks]/"
[20:32:56] [main/TRACE] [REI] [REIPlugin END] Reloading Section: "reloadable-plugin/DisplaySerializerRegistryImpl/REICompat of REICompat [sophisticatedbackpacks]/" done in 26.50 μs
[20:32:56] [main/TRACE] [REI] [REIPlugin END] Reloading Section: "reloadable-plugin/DisplaySerializerRegistryImpl/DefaultRuntimePlugin of DefaultRuntimePlugin [roughlyenoughitems]/"
[20:32:56] [main/TRACE] [REI] [REIPlugin END] Reloading Section: "reloadable-plugin/DisplaySerializerRegistryImpl/DefaultRuntimePlugin of DefaultRuntimePlugin [roughlyenoughitems]/" done in 36.00 μs
[20:32:56] [main/TRACE] [REI] [REIPlugin END] Reloading Section: "reloadable-plugin/DisplaySerializerRegistryImpl/" done in 39.05 ms
[20:32:56] [main/TRACE] [REI] [REIPlugin END] Reloading Section: "reloadable-plugin/FluidSupportProviderImpl/"
[20:32:56] [main/TRACE] [REI] [REIPlugin END] Reloading Section: "reloadable-plugin/FluidSupportProviderImpl/DefaultPlugin of DefaultPlugin [roughlyenoughitems]/"
[20:32:56] [main/TRACE] [REI] [REIPlugin END] Reloading Section: "reloadable-plugin/FluidSupportProviderImpl/DefaultPlugin of DefaultPlugin [roughlyenoughitems]/" done in 24.80 μs
[20:32:56] [main/TRACE] [REI] [REIPlugin END] Reloading Section: "reloadable-plugin/FluidSupportProviderImpl/FabricFluidAPISupportPlugin/"
[20:32:56] [main/TRACE] [REI] [REIPlugin END] Reloading Section: "reloadable-plugin/FluidSupportProviderImpl/FabricFluidAPISupportPlugin/" done in 23.50 μs
[20:32:56] [main/TRACE] [REI] [REIPlugin END] Reloading Section: "reloadable-plugin/FluidSupportProviderImpl/REICompat of REICompat [sophisticatedbackpacks]/"
[20:32:56] [main/TRACE] [REI] [REIPlugin END] Reloading Section: "reloadable-plugin/FluidSupportProviderImpl/REICompat of REICompat [sophisticatedbackpacks]/" done in 23.40 μs
[20:32:56] [main/TRACE] [REI] [REIPlugin END] Reloading Section: "reloadable-plugin/FluidSupportProviderImpl/DefaultRuntimePlugin of DefaultRuntimePlugin [roughlyenoughitems]/"
[20:32:56] [main/TRACE] [REI] [REIPlugin END] Reloading Section: "reloadable-plugin/FluidSupportProviderImpl/DefaultRuntimePlugin of DefaultRuntimePlugin [roughlyenoughitems]/" done in 33.50 μs
[20:32:56] [main/TRACE] [REI] [REIPlugin END] Reloading Section: "reloadable-plugin/FluidSupportProviderImpl/" done in 334.5 μs
[20:32:56] [main/DEBUG] [REI] ========================================
[20:32:56] [main/DEBUG] [REI] REIPlugin ending main-reload for END.
[20:32:56] [main/DEBUG] [REI] ========================================
[20:32:56] [main/TRACE] [REI] [REIPlugin END] Reloading Section: "end-reload/"
[20:32:56] [main/TRACE] [REI] [REIPlugin END] Reloading Section: "end-reload/EntryTypeRegistryImpl/"
[20:32:56] [main/TRACE] [REI] [REIPlugin END] Reloading Section: "end-reload/EntryTypeRegistryImpl/" done in 17.30 μs
[20:32:56] [main/TRACE] [REI] [REIPlugin END] Reloading Section: "end-reload/EntrySettingsAdapterRegistryImpl/"
[20:32:56] [main/TRACE] [REI] [REIPlugin END] Reloading Section: "end-reload/EntrySettingsAdapterRegistryImpl/" done in 17.70 μs
[20:32:56] [main/TRACE] [REI] [REIPlugin END] Reloading Section: "end-reload/RecipeManagerContextImpl/"
[20:32:56] [main/TRACE] [REI] [REIPlugin END] Reloading Section: "end-reload/RecipeManagerContextImpl/" done in 17.00 μs
[20:32:56] [main/TRACE] [REI] [REIPlugin END] Reloading Section: "end-reload/ItemComparatorRegistryImpl/"
[20:32:56] [main/TRACE] [REI] [REIPlugin END] Reloading Section: "end-reload/ItemComparatorRegistryImpl/" done in 18.60 μs
[20:32:56] [main/TRACE] [REI] [REIPlugin END] Reloading Section: "end-reload/FluidComparatorRegistryImpl/"
[20:32:56] [main/TRACE] [REI] [REIPlugin END] Reloading Section: "end-reload/FluidComparatorRegistryImpl/" done in 17.20 μs
[20:32:56] [main/TRACE] [REI] [REIPlugin END] Reloading Section: "end-reload/DisplaySerializerRegistryImpl/"
[20:32:56] [main/TRACE] [REI] [REIPlugin END] Reloading Section: "end-reload/DisplaySerializerRegistryImpl/" done in 17.00 μs
[20:32:56] [main/TRACE] [REI] [REIPlugin END] Reloading Section: "end-reload/FluidSupportProviderImpl/"
[20:32:56] [main/TRACE] [REI] [REIPlugin END] Reloading Section: "end-reload/FluidSupportProviderImpl/" done in 17.40 μs
[20:32:56] [main/TRACE] [REI] [REIPlugin END] Reloading Section: "end-reload/" done in 409.6 μs
[20:32:56] [main/DEBUG] [REI] ========================================
[20:32:56] [main/DEBUG] [REI] REIPlugin ended main-reload for END in 50.41 ms.
[20:32:56] [main/DEBUG] [REI] ========================================
[20:32:56] [main/INFO] [REI] ~~~~~~~~~~~~~~~~~~~~~~~~~~~~~~~~~~~~~~~~
[20:32:56] [main/INFO] [REI] REIServerPlugin starting main-reload for END.
[20:32:56] [main/DEBUG] [REI] Reloadables (2):
[20:32:56] [main/DEBUG] [REI]  - MenuInfoRegistryImpl
[20:32:56] [main/DEBUG] [REI]  - SlotAccessorRegistryImpl
[20:32:56] [main/INFO] [REI] Plugins (4):
[20:32:56] [main/INFO] [REI]  - (-100,00) DefaultPlugin of DefaultPlugin [roughlyenoughitems]
[20:32:56] [main/INFO] [REI]  - (0,00) FabricFluidAPISupportPlugin
[20:32:56] [main/INFO] [REI]  - (0,00) REICompat of REICompat [sophisticatedbackpacks]
[20:32:56] [main/INFO] [REI]  - (0,00) DefaultRuntimePlugin of DefaultRuntimePlugin [roughlyenoughitems]
[20:32:56] [main/INFO] [REI] ~~~~~~~~~~~~~~~~~~~~~~~~~~~~~~~~~~~~~~~~
[20:32:56] [main/TRACE] [REI] [REIServerPlugin END] Reloading Section: "start-reload/"
[20:32:56] [main/TRACE] [REI] [REIServerPlugin END] Reloading Section: "start-reload/MenuInfoRegistryImpl/"
[20:32:56] [main/TRACE] [REI] [REIServerPlugin END] Reloading Section: "start-reload/MenuInfoRegistryImpl/" done in 81.60 μs
[20:32:56] [main/TRACE] [REI] [REIServerPlugin END] Reloading Section: "start-reload/SlotAccessorRegistryImpl/"
[20:32:56] [main/TRACE] [REI] [REIServerPlugin END] Reloading Section: "start-reload/SlotAccessorRegistryImpl/" done in 71.40 μs
[20:32:56] [main/TRACE] [REI] [REIServerPlugin END] Reloading Section: "start-reload/" done in 817.2 μs
[20:32:56] [main/DEBUG] [REI] ========================================
[20:32:56] [main/DEBUG] [REI] REIServerPlugin started main-reload for END.
[20:32:56] [main/DEBUG] [REI] ========================================
[20:32:56] [main/TRACE] [REI] [REIServerPlugin END] Reloading Section: "reloadable-plugin/MenuInfoRegistryImpl/"
[20:32:56] [main/TRACE] [REI] [REIServerPlugin END] Reloading Section: "reloadable-plugin/MenuInfoRegistryImpl/DefaultPlugin of DefaultPlugin [roughlyenoughitems]/"
[20:32:56] [main/TRACE] [REI] [REIServerPlugin END] Reloading Section: "reloadable-plugin/MenuInfoRegistryImpl/DefaultPlugin of DefaultPlugin [roughlyenoughitems]/" done in 50.70 μs
[20:32:56] [main/TRACE] [REI] [REIServerPlugin END] Reloading Section: "reloadable-plugin/MenuInfoRegistryImpl/FabricFluidAPISupportPlugin/"
[20:32:56] [main/TRACE] [REI] [REIServerPlugin END] Reloading Section: "reloadable-plugin/MenuInfoRegistryImpl/FabricFluidAPISupportPlugin/" done in 28.20 μs
[20:32:56] [main/TRACE] [REI] [REIServerPlugin END] Reloading Section: "reloadable-plugin/MenuInfoRegistryImpl/REICompat of REICompat [sophisticatedbackpacks]/"
[20:32:56] [main/DEBUG] [REI] Added menu info for class net.p3pp3rf1y.sophisticatedbackpacks.common.gui.BackpackContainer [minecraft:plugins/crafting]: me.shedaniel.rei.api.common.transfer.info.simple.SimpleMenuInfoProvider$$Lambda/0x000002761b304f40@60c60799
[20:32:56] [main/TRACE] [REI] [REIServerPlugin END] Reloading Section: "reloadable-plugin/MenuInfoRegistryImpl/REICompat of REICompat [sophisticatedbackpacks]/" done in 7.948 ms
[20:32:56] [main/TRACE] [REI] [REIServerPlugin END] Reloading Section: "reloadable-plugin/MenuInfoRegistryImpl/DefaultRuntimePlugin of DefaultRuntimePlugin [roughlyenoughitems]/"
[20:32:56] [main/TRACE] [REI] [REIServerPlugin END] Reloading Section: "reloadable-plugin/MenuInfoRegistryImpl/DefaultRuntimePlugin of DefaultRuntimePlugin [roughlyenoughitems]/" done in 37.10 μs
[20:32:56] [main/TRACE] [REI] [REIServerPlugin END] Reloading Section: "reloadable-plugin/MenuInfoRegistryImpl/" done in 8.483 ms
[20:32:56] [main/TRACE] [REI] [REIServerPlugin END] Reloading Section: "reloadable-plugin/SlotAccessorRegistryImpl/"
[20:32:56] [main/TRACE] [REI] [REIServerPlugin END] Reloading Section: "reloadable-plugin/SlotAccessorRegistryImpl/DefaultPlugin of DefaultPlugin [roughlyenoughitems]/"
[20:32:56] [main/TRACE] [REI] [REIServerPlugin END] Reloading Section: "reloadable-plugin/SlotAccessorRegistryImpl/DefaultPlugin of DefaultPlugin [roughlyenoughitems]/" done in 79.30 μs
[20:32:56] [main/TRACE] [REI] [REIServerPlugin END] Reloading Section: "reloadable-plugin/SlotAccessorRegistryImpl/FabricFluidAPISupportPlugin/"
[20:32:56] [main/TRACE] [REI] [REIServerPlugin END] Reloading Section: "reloadable-plugin/SlotAccessorRegistryImpl/FabricFluidAPISupportPlugin/" done in 47.30 μs
[20:32:56] [main/TRACE] [REI] [REIServerPlugin END] Reloading Section: "reloadable-plugin/SlotAccessorRegistryImpl/REICompat of REICompat [sophisticatedbackpacks]/"
[20:32:56] [main/TRACE] [REI] [REIServerPlugin END] Reloading Section: "reloadable-plugin/SlotAccessorRegistryImpl/REICompat of REICompat [sophisticatedbackpacks]/" done in 74.00 μs
[20:32:56] [main/TRACE] [REI] [REIServerPlugin END] Reloading Section: "reloadable-plugin/SlotAccessorRegistryImpl/DefaultRuntimePlugin of DefaultRuntimePlugin [roughlyenoughitems]/"
[20:32:56] [main/DEBUG] [REI] Added slot accessor serializer: me.shedaniel.rei.plugin.common.runtime.DefaultRuntimePlugin$1@559af3cc [roughlyenoughitems:vanilla]
[20:32:56] [main/DEBUG] [REI] Added slot accessor serializer: me.shedaniel.rei.plugin.common.runtime.DefaultRuntimePlugin$2@32ae5c9 [roughlyenoughitems:player]
[20:32:56] [main/TRACE] [REI] [REIServerPlugin END] Reloading Section: "reloadable-plugin/SlotAccessorRegistryImpl/DefaultRuntimePlugin of DefaultRuntimePlugin [roughlyenoughitems]/" done in 3.429 ms
[20:32:56] [main/TRACE] [REI] [REIServerPlugin END] Reloading Section: "reloadable-plugin/SlotAccessorRegistryImpl/" done in 4.267 ms
[20:32:56] [main/DEBUG] [REI] ========================================
[20:32:56] [main/DEBUG] [REI] REIServerPlugin ending main-reload for END.
[20:32:56] [main/DEBUG] [REI] ========================================
[20:32:56] [main/TRACE] [REI] [REIServerPlugin END] Reloading Section: "end-reload/"
[20:32:56] [main/TRACE] [REI] [REIServerPlugin END] Reloading Section: "end-reload/MenuInfoRegistryImpl/"
[20:32:56] [main/DEBUG] [REI] Registered 1 menu infos
[20:32:56] [main/TRACE] [REI] [REIServerPlugin END] Reloading Section: "end-reload/MenuInfoRegistryImpl/" done in 135.1 μs
[20:32:56] [main/TRACE] [REI] [REIServerPlugin END] Reloading Section: "end-reload/SlotAccessorRegistryImpl/"
[20:32:56] [main/DEBUG] [REI] Registered 2 slot accessor serializers
[20:32:56] [main/TRACE] [REI] [REIServerPlugin END] Reloading Section: "end-reload/SlotAccessorRegistryImpl/" done in 78.30 μs
[20:32:56] [main/TRACE] [REI] [REIServerPlugin END] Reloading Section: "end-reload/" done in 381.5 μs
[20:32:56] [main/DEBUG] [REI] ========================================
[20:32:56] [main/DEBUG] [REI] REIServerPlugin ended main-reload for END in 18.55 ms.
[20:32:56] [main/DEBUG] [REI] ========================================
[20:32:56] [main/DEBUG] [REI] ========================================
[20:32:56] [main/DEBUG] [REI] REIPlugin starting post-reload for END.
[20:32:56] [main/DEBUG] [REI] Reloadables (7):
[20:32:56] [main/DEBUG] [REI]  - EntryTypeRegistryImpl
[20:32:56] [main/DEBUG] [REI]  - EntrySettingsAdapterRegistryImpl
[20:32:56] [main/DEBUG] [REI]  - RecipeManagerContextImpl
[20:32:56] [main/DEBUG] [REI]  - ItemComparatorRegistryImpl
[20:32:56] [main/DEBUG] [REI]  - FluidComparatorRegistryImpl
[20:32:56] [main/DEBUG] [REI]  - DisplaySerializerRegistryImpl
[20:32:56] [main/DEBUG] [REI]  - FluidSupportProviderImpl
[20:32:56] [main/DEBUG] [REI] Plugins (4):
[20:32:56] [main/DEBUG] [REI]  - (-100,00) DefaultPlugin of DefaultPlugin [roughlyenoughitems]
[20:32:56] [main/DEBUG] [REI]  - (0,00) FabricFluidAPISupportPlugin
[20:32:56] [main/DEBUG] [REI]  - (0,00) REICompat of REICompat [sophisticatedbackpacks]
[20:32:56] [main/DEBUG] [REI]  - (0,00) DefaultRuntimePlugin of DefaultRuntimePlugin [roughlyenoughitems]
[20:32:56] [main/DEBUG] [REI] ========================================
[20:32:56] [main/TRACE] [REI] [REIPlugin END] Reloading Section: "post-register/"
[20:32:56] [main/TRACE] [REI] [REIPlugin END] Reloading Section: "post-register/DefaultPlugin of DefaultPlugin [roughlyenoughitems]/"
[20:32:56] [main/TRACE] [REI] [REIPlugin END] Reloading Section: "post-register/DefaultPlugin of DefaultPlugin [roughlyenoughitems]/" done in 32.70 μs
[20:32:56] [main/TRACE] [REI] [REIPlugin END] Reloading Section: "post-register/FabricFluidAPISupportPlugin/"
[20:32:56] [main/TRACE] [REI] [REIPlugin END] Reloading Section: "post-register/FabricFluidAPISupportPlugin/" done in 22.00 μs
[20:32:56] [main/TRACE] [REI] [REIPlugin END] Reloading Section: "post-register/REICompat of REICompat [sophisticatedbackpacks]/"
[20:32:56] [main/TRACE] [REI] [REIPlugin END] Reloading Section: "post-register/REICompat of REICompat [sophisticatedbackpacks]/" done in 19.30 μs
[20:32:56] [main/TRACE] [REI] [REIPlugin END] Reloading Section: "post-register/DefaultRuntimePlugin of DefaultRuntimePlugin [roughlyenoughitems]/"
[20:32:56] [main/TRACE] [REI] [REIPlugin END] Reloading Section: "post-register/DefaultRuntimePlugin of DefaultRuntimePlugin [roughlyenoughitems]/" done in 19.20 μs
[20:32:56] [main/TRACE] [REI] [REIPlugin END] Reloading Section: "post-register/" done in 336.6 μs
[20:32:56] [main/TRACE] [REI] [REIPlugin END] Reloading Section: "post-stage/"
[20:32:56] [main/TRACE] [REI] [REIPlugin END] Reloading Section: "post-stage/EntryTypeRegistryImpl/"
[20:32:56] [main/TRACE] [REI] [REIPlugin END] Reloading Section: "post-stage/EntryTypeRegistryImpl/" done in 17.80 μs
[20:32:56] [main/TRACE] [REI] [REIPlugin END] Reloading Section: "post-stage/EntrySettingsAdapterRegistryImpl/"
[20:32:56] [main/TRACE] [REI] [REIPlugin END] Reloading Section: "post-stage/EntrySettingsAdapterRegistryImpl/" done in 17.40 μs
[20:32:56] [main/TRACE] [REI] [REIPlugin END] Reloading Section: "post-stage/RecipeManagerContextImpl/"
[20:32:56] [main/TRACE] [REI] [REIPlugin END] Reloading Section: "post-stage/RecipeManagerContextImpl/" done in 17.30 μs
[20:32:56] [main/TRACE] [REI] [REIPlugin END] Reloading Section: "post-stage/ItemComparatorRegistryImpl/"
[20:32:56] [main/TRACE] [REI] [REIPlugin END] Reloading Section: "post-stage/ItemComparatorRegistryImpl/" done in 16.70 μs
[20:32:56] [main/TRACE] [REI] [REIPlugin END] Reloading Section: "post-stage/FluidComparatorRegistryImpl/"
[20:32:56] [main/TRACE] [REI] [REIPlugin END] Reloading Section: "post-stage/FluidComparatorRegistryImpl/" done in 17.70 μs
[20:32:56] [main/TRACE] [REI] [REIPlugin END] Reloading Section: "post-stage/DisplaySerializerRegistryImpl/"
[20:32:56] [main/TRACE] [REI] [REIPlugin END] Reloading Section: "post-stage/DisplaySerializerRegistryImpl/" done in 18.20 μs
[20:32:56] [main/TRACE] [REI] [REIPlugin END] Reloading Section: "post-stage/FluidSupportProviderImpl/"
[20:32:56] [main/TRACE] [REI] [REIPlugin END] Reloading Section: "post-stage/FluidSupportProviderImpl/" done in 18.00 μs
[20:32:56] [main/TRACE] [REI] [REIPlugin END] Reloading Section: "post-stage/" done in 411.4 μs
[20:32:56] [main/DEBUG] [REI] ========================================
[20:32:56] [main/INFO] [REI] REIPlugin finished post-reload for END in 824.0 μs, totaling 52.70 ms.
[20:32:56] [main/DEBUG] [REI] ========================================
[20:32:56] [main/DEBUG] [REI] ========================================
[20:32:56] [main/DEBUG] [REI] REIServerPlugin starting post-reload for END.
[20:32:56] [main/DEBUG] [REI] Reloadables (2):
[20:32:56] [main/DEBUG] [REI]  - MenuInfoRegistryImpl
[20:32:56] [main/DEBUG] [REI]  - SlotAccessorRegistryImpl
[20:32:56] [main/DEBUG] [REI] Plugins (4):
[20:32:56] [main/DEBUG] [REI]  - (-100,00) DefaultPlugin of DefaultPlugin [roughlyenoughitems]
[20:32:56] [main/DEBUG] [REI]  - (0,00) FabricFluidAPISupportPlugin
[20:32:56] [main/DEBUG] [REI]  - (0,00) REICompat of REICompat [sophisticatedbackpacks]
[20:32:56] [main/DEBUG] [REI]  - (0,00) DefaultRuntimePlugin of DefaultRuntimePlugin [roughlyenoughitems]
[20:32:56] [main/DEBUG] [REI] ========================================
[20:32:56] [main/TRACE] [REI] [REIServerPlugin END] Reloading Section: "post-register/"
[20:32:56] [main/TRACE] [REI] [REIServerPlugin END] Reloading Section: "post-register/DefaultPlugin of DefaultPlugin [roughlyenoughitems]/"
[20:32:56] [main/TRACE] [REI] [REIServerPlugin END] Reloading Section: "post-register/DefaultPlugin of DefaultPlugin [roughlyenoughitems]/" done in 35.70 μs
[20:32:56] [main/TRACE] [REI] [REIServerPlugin END] Reloading Section: "post-register/FabricFluidAPISupportPlugin/"
[20:32:56] [main/TRACE] [REI] [REIServerPlugin END] Reloading Section: "post-register/FabricFluidAPISupportPlugin/" done in 21.30 μs
[20:32:56] [main/TRACE] [REI] [REIServerPlugin END] Reloading Section: "post-register/REICompat of REICompat [sophisticatedbackpacks]/"
[20:32:56] [main/TRACE] [REI] [REIServerPlugin END] Reloading Section: "post-register/REICompat of REICompat [sophisticatedbackpacks]/" done in 18.80 μs
[20:32:56] [main/TRACE] [REI] [REIServerPlugin END] Reloading Section: "post-register/DefaultRuntimePlugin of DefaultRuntimePlugin [roughlyenoughitems]/"
[20:32:56] [main/TRACE] [REI] [REIServerPlugin END] Reloading Section: "post-register/DefaultRuntimePlugin of DefaultRuntimePlugin [roughlyenoughitems]/" done in 19.30 μs
[20:32:56] [main/TRACE] [REI] [REIServerPlugin END] Reloading Section: "post-register/" done in 339.0 μs
[20:32:56] [main/TRACE] [REI] [REIServerPlugin END] Reloading Section: "post-stage/"
[20:32:56] [main/TRACE] [REI] [REIServerPlugin END] Reloading Section: "post-stage/MenuInfoRegistryImpl/"
[20:32:56] [main/TRACE] [REI] [REIServerPlugin END] Reloading Section: "post-stage/MenuInfoRegistryImpl/" done in 18.10 μs
[20:32:56] [main/TRACE] [REI] [REIServerPlugin END] Reloading Section: "post-stage/SlotAccessorRegistryImpl/"
[20:32:56] [main/TRACE] [REI] [REIServerPlugin END] Reloading Section: "post-stage/SlotAccessorRegistryImpl/" done in 20.20 μs
[20:32:56] [main/TRACE] [REI] [REIServerPlugin END] Reloading Section: "post-stage/" done in 130.3 μs
[20:32:56] [main/DEBUG] [REI] ========================================
[20:32:56] [main/INFO] [REI] REIServerPlugin finished post-reload for END in 532.6 μs, totaling 20.01 ms.
[20:32:56] [main/DEBUG] [REI] ========================================
